05.01.2024 - 04:44:20 - [TAB v4.1.2] Something just tried to add player Rod_Wirez into team 6847B381_Z1 (expected team: 7Rod_WirezA)
05.01.2024 - 04:45:34 - [TAB v4.1.2] Something just tried to add player Rod_Wirez into team 6847B381_Z2 (expected team: 7Rod_WirezA)
05.01.2024 - 04:46:48 - [TAB v4.1.2] Something just tried to add player Rod_Wirez into team 6847B381_Z3 (expected team: 7Rod_WirezA)
05.01.2024 - 04:56:13 - [TAB v4.1.2] Something just tried to add player Rod_Wirez into team DE4EFAAD_Z1 (expected team: 7Rod_WirezA)
05.01.2024 - 04:59:49 - [TAB v4.1.2] Something just tried to add player Rod_Wirez into team DE4EFAAD_Z2 (expected team: 7Rod_WirezA)
05.01.2024 - 05:00:33 - [TAB v4.1.2] Something just tried to add player Rod_Wirez into team DE4EFAAD_Z3 (expected team: 7Rod_WirezA)
05.01.2024 - 05:01:23 - [TAB v4.1.2] Something just tried to add player Rod_Wirez into team DE4EFAAD_Z4 (expected team: 7Rod_WirezA)
05.01.2024 - 06:37:48 - [TAB v4.1.2] Something just tried to add player Rod_Wirez into team C66A93DC_Z1 (expected team: 7Rod_WirezA)
05.01.2024 - 07:04:55 - [TAB v4.1.2] Something just tried to add player Rod_Wirez into team 2A5D6B83_Z1 (expected team: 7Rod_WirezA)
05.01.2024 - 07:06:12 - [TAB v4.1.2] Something just tried to add player Rod_Wirez into team 2A5D6B83_Z2 (expected team: 7Rod_WirezA)
05.01.2024 - 07:08:04 - [TAB v4.1.2] Something just tried to add player Rod_Wirez into team 2A5D6B83_Z3 (expected team: 7Rod_WirezA)
05.01.2024 - 07:23:19 - [TAB v4.1.2] Something just tried to add player Rod_Wirez into team A965BE35_Z1 (expected team: 7Rod_WirezA)
05.01.2024 - 07:49:14 - [TAB v4.1.2] Something just tried to add player Rod_Wirez into team 563B080B_Z1 (expected team: 7Rod_WirezA)
05.01.2024 - 08:02:24 - [TAB v4.1.2] Something just tried to add player Rod_Wirez into team BBF7A44B_Z1 (expected team: 7Rod_WirezA)
05.01.2024 - 08:52:10 - [TAB v4.1.2] Something just tried to add player Rod_Wirez into team BBF7A44B_Z2 (expected team: 7Rod_WirezA)
05.01.2024 - 09:04:12 - [TAB v4.1.2] Something just tried to add player Rod_Wirez into team BBF7A44B_Z3 (expected team: 7Rod_WirezA)
06.01.2024 - 04:49:09 - [TAB v4.1.2] Something just tried to add player Rod_Wirez into team 15D71BAD_Z1 (expected team: 7Rod_WirezA)
06.01.2024 - 05:46:52 - [TAB v4.1.2] Something just tried to add player Rod_Wirez into team 942E2D80_Z1 (expected team: 7Rod_WirezA)
06.01.2024 - 06:20:36 - [TAB v4.1.2] Something just tried to add player Rod_Wirez into team 34F8B6E1_Z1 (expected team: 7Rod_WirezA)
06.01.2024 - 06:21:09 - [TAB v4.1.2] Something just tried to add player Rod_Wirez into team 34F8B6E1_Z2 (expected team: 7Rod_WirezA)
06.01.2024 - 07:26:38 - [TAB v4.1.2] Something just tried to add player Rod_Wirez into team A4AAF838_Z1 (expected team: 7Rod_WirezA)
06.01.2024 - 07:30:00 - [TAB v4.1.2] Something just tried to add player Rod_Wirez into team A4AAF838_Z2 (expected team: 7Rod_WirezA)
06.01.2024 - 07:32:00 - [TAB v4.1.2] Something just tried to add player Rod_Wirez into team C19C0151_Z1 (expected team: 7Rod_WirezA)
06.01.2024 - 07:40:24 - [TAB v4.1.2] Something just tried to add player Rod_Wirez into team A087F388_Z1 (expected team: 7Rod_WirezA)
06.01.2024 - 07:40:38 - [TAB v4.1.2] Something just tried to add player Rod_Wirez into team A087F388_Z2 (expected team: 7Rod_WirezA)
06.01.2024 - 07:40:45 - [TAB v4.1.2] Something just tried to add player Rod_Wirez into team A087F388_Z3 (expected team: 7Rod_WirezA)
06.01.2024 - 07:40:52 - [TAB v4.1.2] Something just tried to add player Rod_Wirez into team A087F388_Z4 (expected team: 7Rod_WirezA)
06.01.2024 - 07:41:35 - [TAB v4.1.2] Something just tried to add player Rod_Wirez into team A087F388_Z5 (expected team: 7Rod_WirezA)
06.01.2024 - 07:41:47 - [TAB v4.1.2] Something just tried to add player Rod_Wirez into team A087F388_Z6 (expected team: 7Rod_WirezA)
06.01.2024 - 07:41:55 - [TAB v4.1.2] Something just tried to add player Rod_Wirez into team A087F388_Z7 (expected team: 7Rod_WirezA)
06.01.2024 - 07:43:30 - [TAB v4.1.2] Something just tried to add player Rod_Wirez into team 83778658_Z1 (expected team: 7Rod_WirezA)
06.01.2024 - 07:43:49 - [TAB v4.1.2] Something just tried to add player Rod_Wirez into team 83778658_Z2 (expected team: 7Rod_WirezA)
06.01.2024 - 07:43:56 - [TAB v4.1.2] Something just tried to add player Rod_Wirez into team 83778658_Z3 (expected team: 7Rod_WirezA)
06.01.2024 - 07:49:22 - [TAB v4.1.2] Something just tried to add player Rod_Wirez into team 83778658_Z4 (expected team: 7Rod_WirezA)
06.01.2024 - 07:50:32 - [TAB v4.1.2] Something just tried to add player Rod_Wirez into team 83778658_Z5 (expected team: 7Rod_WirezA)
06.01.2024 - 08:20:22 - [TAB v4.1.2] Something just tried to add player Rod_Wirez into team 83778658_Z6 (expected team: 7Rod_WirezA)
06.01.2024 - 08:24:04 - [TAB v4.1.2] Something just tried to add player Rod_Wirez into team 83778658_Z7 (expected team: 7Rod_WirezA)
06.01.2024 - 08:32:07 - [TAB v4.1.2] Something just tried to add player Rod_Wirez into team 83778658_Z8 (expected team: 7Rod_WirezA)
06.01.2024 - 09:01:25 - [TAB v4.1.2] Something just tried to add player Rod_Wirez into team B3F3A920_Z1 (expected team: 7Rod_WirezA)
06.01.2024 - 09:07:53 - [TAB v4.1.2] Something just tried to add player Rod_Wirez into team B3F3A920_Z2 (expected team: 7Rod_WirezA)
06.01.2024 - 09:14:43 - [TAB v4.1.2] Something just tried to add player gaming2k3 into team B3F3A920_Z3 (expected team: 6gaming2k3A)
06.01.2024 - 09:15:23 - [TAB v4.1.2] Something just tried to add player Rod_Wirez into team B3F3A920_Z2 (expected team: 7Rod_WirezA)
06.01.2024 - 09:15:23 - [TAB v4.1.2] Something just tried to add player gaming2k3 into team B3F3A920_Z4 (expected team: 6gaming2k3A)
06.01.2024 - 09:21:36 - [TAB v4.1.2] Something just tried to add player Rod_Wirez into team B3F3A920_Z2 (expected team: 7Rod_WirezA)
06.01.2024 - 09:21:36 - [TAB v4.1.2] Something just tried to add player gaming2k3 into team B3F3A920_Z5 (expected team: 6gaming2k3A)
06.01.2024 - 09:22:10 - [TAB v4.1.2] Something just tried to add player Rod_Wirez into team B3F3A920_Z2 (expected team: 7Rod_WirezA)
06.01.2024 - 09:22:10 - [TAB v4.1.2] Something just tried to add player gaming2k3 into team B3F3A920_Z6 (expected team: 6gaming2k3A)
06.01.2024 - 09:22:26 - [TAB v4.1.2] Something just tried to add player gaming2k3 into team B3F3A920_Z7 (expected team: 6gaming2k3A)
06.01.2024 - 09:22:26 - [TAB v4.1.2] Something just tried to add player Rod_Wirez into team B3F3A920_Z2 (expected team: 7Rod_WirezA)
06.01.2024 - 09:33:37 - [TAB v4.1.2] Something just tried to add player gaming2k3 into team B3F3A920_Z7 (expected team: 6gaming2k3A)
06.01.2024 - 09:34:32 - [TAB v4.1.2] Something just tried to add player gaming2k3 into team B3F3A920_Z8 (expected team: 6gaming2k3A)
06.01.2024 - 09:34:32 - [TAB v4.1.2] Something just tried to add player Rod_Wirez into team B3F3A920_Z2 (expected team: 7Rod_WirezA)
06.01.2024 - 09:41:52 - [TAB v4.1.2] Something just tried to add player Rod_Wirez into team B3F3A920_Z9 (expected team: 7Rod_WirezA)
06.01.2024 - 09:47:08 - [TAB v4.1.2] Something just tried to add player Rod_Wirez into team 109F377D_Z1 (expected team: 7Rod_WirezA)
06.01.2024 - 09:47:44 - [TAB v4.1.2] Something just tried to add player Rod_Wirez into team 109F377D_Z2 (expected team: 7Rod_WirezA)
06.01.2024 - 09:52:49 - [TAB v4.1.2] Something just tried to add player Rod_Wirez into team 109F377D_Z3 (expected team: 7Rod_WirezA)
06.01.2024 - 09:53:27 - [TAB v4.1.2] Something just tried to add player Rod_Wirez into team 109F377D_Z4 (expected team: 7Rod_WirezA)
06.01.2024 - 10:12:06 - [TAB v4.1.2] Something just tried to add player Rod_Wirez into team 109F377D_Z5 (expected team: 7Rod_WirezA)
06.01.2024 - 11:12:16 - [TAB v4.1.2] Something just tried to add player Rod_Wirez into team BD8E094A_Z1 (expected team: 7Rod_WirezA)
06.01.2024 - 11:12:55 - [TAB v4.1.2] Something just tried to add player Rod_Wirez into team BD8E094A_Z2 (expected team: 7Rod_WirezA)
06.01.2024 - 11:13:36 - [TAB v4.1.2] Something just tried to add player Rod_Wirez into team BD8E094A_Z3 (expected team: 7Rod_WirezA)
06.01.2024 - 11:14:16 - [TAB v4.1.2] Something just tried to add player Rod_Wirez into team BD8E094A_Z4 (expected team: 7Rod_WirezA)
06.01.2024 - 11:14:52 - [TAB v4.1.2] Something just tried to add player Rod_Wirez into team BD8E094A_Z5 (expected team: 7Rod_WirezA)
06.01.2024 - 11:15:30 - [TAB v4.1.2] Something just tried to add player Rod_Wirez into team BD8E094A_Z6 (expected team: 7Rod_WirezA)
06.01.2024 - 11:16:11 - [TAB v4.1.2] Something just tried to add player Rod_Wirez into team BD8E094A_Z7 (expected team: 7Rod_WirezA)
06.01.2024 - 11:50:30 - [TAB v4.1.2] Something just tried to add player Rod_Wirez into team BD8E094A_Z8 (expected team: 7Rod_WirezA)
06.01.2024 - 12:00:04 - [TAB v4.1.2] Something just tried to add player gaming2k3 into team BD8E094A_Z9 (expected team: 6gaming2k3A)
06.01.2024 - 12:28:38 - [TAB v4.1.2] Something just tried to add player gaming2k3 into team BD8E094A_Z8 (expected team: 6gaming2k3A)
07.01.2024 - 01:36:18 - [TAB v4.1.2] Something just tried to add player Rod_Wirez into team 3DF66F94_Z1 (expected team: 7Rod_WirezA)
07.01.2024 - 01:41:24 - [TAB v4.1.2] Something just tried to add player Rod_Wirez into team E2F70AB6_Z1 (expected team: 7Rod_WirezA)
07.01.2024 - 02:05:24 - [TAB v4.1.2] Something just tried to add player Rod_Wirez into team 1254B91E_Z1 (expected team: 7Rod_WirezA)
07.01.2024 - 02:17:31 - [TAB v4.1.2] Something just tried to add player Rod_Wirez into team 008C5605_Z1 (expected team: 7Rod_WirezA)
07.01.2024 - 02:30:37 - [TAB v4.1.2] Something just tried to add player Rod_Wirez into team 8D8D8EC1_Z1 (expected team: 7Rod_WirezA)
07.01.2024 - 02:49:04 - [TAB v4.1.2] Something just tried to add player Rod_Wirez into team 83A302FA_Z2 (expected team: 7Rod_WirezA)
07.01.2024 - 04:07:37 - [TAB v4.1.2] Something just tried to add player Rod_Wirez into team 83A302FA_Z3 (expected team: 7Rod_WirezA)
07.01.2024 - 04:12:46 - [TAB v4.1.2] Something just tried to add player Rod_Wirez into team 9CF9C44D_Z1 (expected team: 7Rod_WirezA)
07.01.2024 - 04:14:25 - [TAB v4.1.2] Something just tried to add player Rod_Wirez into team 9CF9C44D_Z2 (expected team: 7Rod_WirezA)
07.01.2024 - 04:49:29 - [TAB v4.1.2] Something just tried to add player Rod_Wirez into team 70ED0F1B_Z1 (expected team: 7Rod_WirezA)
07.01.2024 - 10:01:59 - [TAB v4.1.2] Something just tried to add player Rod_Wirez into team 56A070AC_Z1 (expected team: 7Rod_WirezA)
07.01.2024 - 11:08:02 - [TAB v4.1.2] Something just tried to add player gaming2k3 into team 56A070AC_Z1 (expected team: 7gaming2k3A)
07.01.2024 - 11:59:10 - [TAB v4.1.2] Something just tried to add player Rod_Wirez into team 56A070AC_Z1 (expected team: 7Rod_WirezA)
07.01.2024 - 11:59:57 - [TAB v4.1.2] Something just tried to add player gaming2k3 into team 56A070AC_Z1 (expected team: 7gaming2k3A)
07.01.2024 - 11:59:57 - [TAB v4.1.2] Something just tried to add player Rod_Wirez into team 56A070AC_Z1 (expected team: 7Rod_WirezA)
07.01.2024 - 12:43:41 - [TAB v4.1.2] Something just tried to add player gaming2k3 into team 56A070AC_Z1 (expected team: 7gaming2k3A)
07.01.2024 - 12:43:41 - [TAB v4.1.2] Something just tried to add player Rod_Wirez into team 56A070AC_Z1 (expected team: 7Rod_WirezA)
07.01.2024 - 12:52:23 - [TAB v4.1.2] Something just tried to add player gaming2k3 into team 56A070AC_Z1 (expected team: 7gaming2k3A)
07.01.2024 - 12:52:23 - [TAB v4.1.2] Something just tried to add player Rod_Wirez into team 56A070AC_Z1 (expected team: 7Rod_WirezA)
07.01.2024 - 13:33:36 - [TAB v4.1.2] Something just tried to add player Rod_Wirez into team FFCFFD98_Z1 (expected team: 7Rod_WirezA)
07.01.2024 - 13:34:46 - [TAB v4.1.2] Something just tried to add player Rod_Wirez into team FFCFFD98_Z2 (expected team: 7Rod_WirezA)
07.01.2024 - 13:35:18 - [TAB v4.1.2] Something just tried to add player gaming2k3 into team FFCFFD98_Z2 (expected team: 7gaming2k3A)
07.01.2024 - 13:35:27 - [TAB v4.1.2] Something just tried to add player Rod_Wirez into team FFCFFD98_Z2 (expected team: 7Rod_WirezA)
07.01.2024 - 13:35:43 - [TAB v4.1.2] Something just tried to add player gaming2k3 into team FFCFFD98_Z2 (expected team: 7gaming2k3A)
07.01.2024 - 13:35:43 - [TAB v4.1.2] Something just tried to add player Rod_Wirez into team FFCFFD98_Z2 (expected team: 7Rod_WirezA)
07.01.2024 - 13:37:22 - [TAB v4.1.2] Something just tried to add player gaming2k3 into team FFCFFD98_Z2 (expected team: 7gaming2k3A)
07.01.2024 - 13:37:22 - [TAB v4.1.2] Something just tried to add player Rod_Wirez into team FFCFFD98_Z2 (expected team: 7Rod_WirezA)
07.01.2024 - 13:41:00 - [TAB v4.1.2] Something just tried to add player gaming2k3 into team FFCFFD98_Z2 (expected team: 7gaming2k3A)
07.01.2024 - 13:41:00 - [TAB v4.1.2] Something just tried to add player Rod_Wirez into team FFCFFD98_Z2 (expected team: 7Rod_WirezA)
07.01.2024 - 13:41:01 - [TAB v4.1.2] Something just tried to add player ROD_Nshoby into team FFCFFD98_Z3 (expected team: 6ROD_NshobyA)
07.01.2024 - 13:49:19 - [TAB v4.1.2] Something just tried to add player Rod_Wirez into team A2DE267D_Z1 (expected team: 7Rod_WirezA)
07.01.2024 - 13:49:23 - [TAB v4.1.2] Something just tried to add player ROD_Nshoby into team A2DE267D_Z2 (expected team: 6ROD_NshobyA)
07.01.2024 - 13:49:47 - [TAB v4.1.2] Something just tried to add player Rod_Wirez into team A2DE267D_Z1 (expected team: 7Rod_WirezA)
07.01.2024 - 13:49:47 - [TAB v4.1.2] Something just tried to add player gaming2k3 into team A2DE267D_Z1 (expected team: 7gaming2k3A)
07.01.2024 - 14:03:12 - [TAB v4.1.2] Something just tried to add player ROD_Nshoby into team EF8045FE_Z1 (expected team: 6ROD_NshobyA)
07.01.2024 - 14:03:20 - [TAB v4.1.2] Something just tried to add player Rod_Wirez into team EF8045FE_Z2 (expected team: 7Rod_WirezA)
07.01.2024 - 14:03:59 - [TAB v4.1.2] Something just tried to add player ROD_Nshoby into team EF8045FE_Z1 (expected team: 6ROD_NshobyA)
07.01.2024 - 14:03:59 - [TAB v4.1.2] Something just tried to add player Rod_Wirez into team EF8045FE_Z2 (expected team: 7Rod_WirezA)
07.01.2024 - 14:03:59 - [TAB v4.1.2] Something just tried to add player gaming2k3 into team EF8045FE_Z2 (expected team: 7gaming2k3A)
