[06-01-2024 06:15:19] Settings: Loading settings
[06-01-2024 06:15:19] WorldGuard: Registering kgenerators-pick-up flag
[06-01-2024 06:15:19] WorldGuard: Registering kgenerators-only-gen-break flag
[06-01-2024 06:15:31] !!! WARNING !!! KGenerators will be loaded in post init check, check for more informations futher in this log
[06-01-2024 06:15:35] [Debug] Dependencies: Setting up dependencies
[06-01-2024 06:15:35] [Debug] Dependencies: Detected Vault economy. Hooked into it.
[06-01-2024 06:15:35] [Debug] Dependencies: Detected Vault permissions. Hooked into it.
[06-01-2024 06:15:35] [Debug] Dependencies: Detected plugin WorldEdit. Hooking into it.
[06-01-2024 06:15:35] [Debug] Dependencies: Detected plugin PlaceholderAPI. Hooking into it.
[06-01-2024 06:15:35] [Debug] Dependencies: Detected plugin MMOItems. Hooking into it.
[06-01-2024 06:15:35] [Debug] Dependencies: Detected plugin WorldGuard. Hooked into it.
[06-01-2024 06:15:35] [Debug] Dependencies: Detected plugin HolographicDisplays. Hooked holograms into it.
[06-01-2024 06:15:35] [Debug] GeneratorsManager: Setting up manager
[06-01-2024 06:15:35] [Debug] GeneratedObjectsManager: Loaded GeneratedBlock with type block
[06-01-2024 06:15:35] [Debug] GeneratedObjectsManager: Loaded GeneratedItem with type item
[06-01-2024 06:15:35] [Debug] GeneratedObjectsManager: Loaded GeneratedEntity with type entity
[06-01-2024 06:15:35] [Debug] Generators file: Loaded GeneratedObject: Type: block | Chance: 100.0 | Material: STONE
[06-01-2024 06:15:35] [Debug] Generators file: Loaded properly DOUBLE stone_generator_level_1 generating variety of 1 objects every 40 ticks
[06-01-2024 06:15:35] [Debug] Generators file: Loaded GeneratedObject: Type: block | Chance: 100.0 | Material: STONE
[06-01-2024 06:15:35] [Debug] Generators file: Loaded properly DOUBLE stone_generator_level_2 generating variety of 1 objects every 20 ticks
[06-01-2024 06:15:35] [Debug] Generators file: Loaded GeneratedObject: Type: item | Chance: 25.0 | Item: ItemStack{LOG x 1}
[06-01-2024 06:15:35] [Debug] Generators file: Loaded GeneratedObject: Type: item | Chance: 25.0 | Item: ItemStack{LOG x 1}
[06-01-2024 06:15:35] [Debug] Generators file: Loaded GeneratedObject: Type: item | Chance: 25.0 | Item: ItemStack{LOG x 1}
[06-01-2024 06:15:35] [Debug] Generators file: Loaded GeneratedObject: Type: item | Chance: 25.0 | Item: ItemStack{LOG x 1}
[06-01-2024 06:15:35] [Debug] Generators file: Loaded properly SINGLE wood_generator generating variety of 4 objects every 20 ticks
[06-01-2024 06:15:35] [Debug] Generators file: Loaded GeneratedObject: Type: block | Chance: 50.0 | Material: STONE
[06-01-2024 06:15:35] [Debug] Generators file: Loaded GeneratedObject: Type: block | Chance: 15.0 | Material: STONE | CustomDrops: RemoveDefaults: true, Item: ItemStack{COAL x 1} ItemFortune: true
[06-01-2024 06:15:35] [Debug] Generators file: Loaded GeneratedObject: Type: block | Chance: 15.0 | Material: STONE | CustomDrops: RemoveDefaults: true
[06-01-2024 06:15:35] [Debug] Generators file: Loaded GeneratedObject: Type: block | Chance: 10.0 | Material: STONE | CustomDrops: RemoveDefaults: true
[06-01-2024 06:15:35] [Debug] Generators file: Loaded GeneratedObject: Type: block | Chance: 9.0 | Material: STONE | CustomDrops: RemoveDefaults: true, Item: ItemStack{DIAMOND x 1} ItemFortune: true
[06-01-2024 06:15:35] [Debug] Generators file: Loaded GeneratedObject: Type: block | Chance: 1.0 | Material: STONE | CustomDrops: RemoveDefaults: true, Item: ItemStack{EMERALD x 1} ItemFortune: true, Commands: [say <player> dropped emerald from Ores from stone generator!]
[06-01-2024 06:15:35] [Debug] Generators file: Loaded properly SINGLE ores_from_stone_generator generating variety of 6 objects every 80 ticks
[06-01-2024 06:15:35] [Debug] Generators file: Loaded GeneratedObject: Type: block | Chance: 50.0 | Material: COAL_ORE
[06-01-2024 06:15:35] [Debug] Generators file: Loaded GeneratedObject: Type: block | Chance: 25.0 | Material: IRON_ORE
[06-01-2024 06:15:35] [Debug] Generators file: Loaded GeneratedObject: Type: block | Chance: 15.0 | Material: GOLD_ORE
[06-01-2024 06:15:35] [Debug] Generators file: Loaded GeneratedObject: Type: block | Chance: 9.0 | Material: DIAMOND_ORE
[06-01-2024 06:15:35] [Debug] Generators file: Loaded GeneratedObject: Type: block | Chance: 1.0 | Material: EMERALD_ORE
[06-01-2024 06:15:35] [Debug] Generators file: Loaded properly SINGLE ores_generator generating variety of 5 objects every 80 ticks
[06-01-2024 06:15:35] Generators file: Loaded 5 generators!
[06-01-2024 06:15:35] [Debug] Lang: Loading lang files
[06-01-2024 06:15:35] Lang: Messages and Guis file loaded with lang: en
[06-01-2024 06:15:35] [Debug] RecipesManager: Setting up manager
[06-01-2024 06:15:35] Recipes file: Recipes are disabled. You can enable them in recipes.yml
[06-01-2024 06:15:35] [Debug] Upgrades: Loaded UpgradeCost: UpgradeCostMoney
[06-01-2024 06:15:35] [Debug] Upgrades: Loaded UpgradeCost: UpgradeCostExp
[06-01-2024 06:15:35] [Debug] Upgrades: Loaded UpgradeCost: UpgradeCostExpLevel
[06-01-2024 06:15:35] [Debug] Upgrades: Loaded UpgradeCost: UpgradeCostItems
[06-01-2024 06:15:35] [Debug] UpgradesManager: Setting up manager
[06-01-2024 06:15:35] Upgrades file: Upgrades are disabled. You can enable them in upgrades.yml
[06-01-2024 06:15:35] [Debug] LimitsManager: Setting up manager
[06-01-2024 06:15:35] Limits file: Limits are disabled. You can enable them in limits.yml!
[06-01-2024 06:15:35] [Debug] DatabaseManager: Setting up manager
[06-01-2024 06:15:35] Database SQLITE: Connected to SQLITE database
[06-01-2024 06:15:35] [Debug] HologramsManager: Setting up manager
[06-01-2024 06:15:35] [Debug] Holograms: Enabling HolographicDisplaysProvider
[06-01-2024 06:15:35] [Debug] SchedulesManager: Setting up manager
[06-01-2024 06:15:35] [Debug] MenusManager: Setting up manager
[06-01-2024 06:15:35] [Debug] PlacedGenerators: Starting chunk management task
[06-01-2024 06:15:35] [Debug] PlacedGenerators: Loading generators from already loaded chunks
[06-01-2024 06:15:35] [Debug] PlacedGenerators: Loaded 0 generators from world ASkyBlock_nether (289 chunks)
[06-01-2024 06:15:35] [Debug] PlacedGenerators: Loaded 0 generators from world world_nether (289 chunks)
[06-01-2024 06:15:35] [Debug] PlacedGenerators: Loaded 0 generators from world ASkyBlock (289 chunks)
[06-01-2024 06:15:35] [Debug] PlacedGenerators: Loaded 0 generators from world Trade (289 chunks)
[06-01-2024 06:15:35] [Debug] PlacedGenerators: Loaded 0 generators from world world (289 chunks)
[06-01-2024 06:15:35] [Debug] PlacedGenerators: Loaded 0 generators from world world_the_end (289 chunks)
[06-01-2024 06:15:35] [Debug] MainManager: Loading listeners
[06-01-2024 06:15:35] [Debug] MainManager: Loading Metrix
[06-01-2024 06:15:35] MainManager: KGenerators loaded successfully
[06-01-2024 06:15:35] [Debug] PlacedGeneratorsManager: Waiting for chunk load ChunkInfo: world, 1, -15 took more than 500ms! (501ms) Is the server overloaded?
[06-01-2024 06:15:35] [Debug] PlacedGeneratorsManager: Waiting for chunk load ChunkInfo: world, 6, -27 took more than 500ms! (501ms) Is the server overloaded?
[06-01-2024 06:15:35] [Debug] PlacedGeneratorsManager: Waiting for chunk load ChunkInfo: world, -3, -11 took more than 500ms! (502ms) Is the server overloaded?
[06-01-2024 06:15:35] [Debug] PlacedGeneratorsManager: Waiting for chunk load ChunkInfo: world, 5, -19 took more than 500ms! (502ms) Is the server overloaded?
[06-01-2024 06:15:35] [Debug] PlacedGeneratorsManager: Waiting for chunk load ChunkInfo: world, -7, -21 took more than 500ms! (502ms) Is the server overloaded?
[06-01-2024 06:15:35] [Debug] PlacedGeneratorsManager: Waiting for chunk load ChunkInfo: world, 3, -21 took more than 500ms! (503ms) Is the server overloaded?
[06-01-2024 06:15:35] [Debug] PlacedGeneratorsManager: Waiting for chunk load ChunkInfo: world, 2, -25 took more than 500ms! (503ms) Is the server overloaded?
[06-01-2024 06:15:35] [Debug] PlacedGeneratorsManager: Waiting for chunk load ChunkInfo: world, 3, -18 took more than 500ms! (503ms) Is the server overloaded?
[06-01-2024 06:15:35] [Debug] PlacedGeneratorsManager: Waiting for chunk load ChunkInfo: world, -5, -23 took more than 500ms! (504ms) Is the server overloaded?
[06-01-2024 06:15:35] [Debug] PlacedGeneratorsManager: Waiting for chunk load ChunkInfo: world, 0, -21 took more than 500ms! (504ms) Is the server overloaded?
[06-01-2024 06:15:35] [Debug] PlacedGeneratorsManager: Waiting for chunk load ChunkInfo: world, -1, -13 took more than 500ms! (504ms) Is the server overloaded?
[06-01-2024 06:15:35] [Debug] PlacedGeneratorsManager: Waiting for chunk load ChunkInfo: world, 7, -20 took more than 500ms! (505ms) Is the server overloaded?
[06-01-2024 06:15:35] [Debug] PlacedGeneratorsManager: Waiting for chunk load ChunkInfo: world, 4, -11 took more than 500ms! (505ms) Is the server overloaded?
[06-01-2024 06:15:35] [Debug] PlacedGeneratorsManager: Waiting for chunk load ChunkInfo: world, 2, -11 took more than 500ms! (505ms) Is the server overloaded?
[06-01-2024 06:15:35] [Debug] PlacedGeneratorsManager: Waiting for chunk load ChunkInfo: world, 8, -12 took more than 500ms! (506ms) Is the server overloaded?
[06-01-2024 06:15:35] [Debug] PlacedGeneratorsManager: Waiting for chunk load ChunkInfo: world, 1, -14 took more than 500ms! (506ms) Is the server overloaded?
[06-01-2024 06:15:35] [Debug] PlacedGeneratorsManager: Waiting for chunk load ChunkInfo: world, -6, -15 took more than 500ms! (506ms) Is the server overloaded?
[06-01-2024 06:15:35] [Debug] PlacedGeneratorsManager: Waiting for chunk load ChunkInfo: world, 7, -21 took more than 500ms! (507ms) Is the server overloaded?
[06-01-2024 06:15:35] [Debug] PlacedGeneratorsManager: Waiting for chunk load ChunkInfo: world, 5, -20 took more than 500ms! (507ms) Is the server overloaded?
[06-01-2024 06:15:35] [Debug] PlacedGeneratorsManager: Waiting for chunk load ChunkInfo: world, 8, -11 took more than 500ms! (508ms) Is the server overloaded?
[06-01-2024 06:15:35] [Debug] PlacedGeneratorsManager: Waiting for chunk load ChunkInfo: world, -1, -12 took more than 500ms! (508ms) Is the server overloaded?
[06-01-2024 06:15:35] [Debug] PlacedGeneratorsManager: Waiting for chunk load ChunkInfo: world, -1, -27 took more than 500ms! (508ms) Is the server overloaded?
[06-01-2024 06:15:35] [Debug] PlacedGeneratorsManager: Waiting for chunk load ChunkInfo: world, -3, -21 took more than 500ms! (509ms) Is the server overloaded?
[06-01-2024 06:15:35] [Debug] PlacedGeneratorsManager: Waiting for chunk load ChunkInfo: world, -7, -22 took more than 500ms! (509ms) Is the server overloaded?
[06-01-2024 06:15:35] [Debug] PlacedGeneratorsManager: Waiting for chunk load ChunkInfo: world, 3, -20 took more than 500ms! (509ms) Is the server overloaded?
[06-01-2024 06:15:35] [Debug] PlacedGeneratorsManager: Waiting for chunk load ChunkInfo: world, 2, -24 took more than 500ms! (510ms) Is the server overloaded?
[06-01-2024 06:15:35] [Debug] PlacedGeneratorsManager: Waiting for chunk load ChunkInfo: world, 4, -12 took more than 500ms! (510ms) Is the server overloaded?
[06-01-2024 06:15:35] [Debug] PlacedGeneratorsManager: Waiting for chunk load ChunkInfo: world, 0, -22 took more than 500ms! (510ms) Is the server overloaded?
[06-01-2024 06:15:35] [Debug] PlacedGeneratorsManager: Waiting for chunk load ChunkInfo: world, -3, -12 took more than 500ms! (511ms) Is the server overloaded?
[06-01-2024 06:15:35] [Debug] PlacedGeneratorsManager: Waiting for chunk load ChunkInfo: world, -1, -26 took more than 500ms! (511ms) Is the server overloaded?
[06-01-2024 06:15:35] [Debug] PlacedGeneratorsManager: Waiting for chunk load ChunkInfo: world, -3, -22 took more than 500ms! (512ms) Is the server overloaded?
[06-01-2024 06:15:35] [Debug] PlacedGeneratorsManager: Waiting for chunk load ChunkInfo: world, -6, -14 took more than 500ms! (513ms) Is the server overloaded?
[06-01-2024 06:15:35] [Debug] PlacedGeneratorsManager: Waiting for chunk load ChunkInfo: world, -8, -11 took more than 500ms! (513ms) Is the server overloaded?
[06-01-2024 06:15:35] [Debug] PlacedGeneratorsManager: Waiting for chunk load ChunkInfo: world, 7, -22 took more than 500ms! (514ms) Is the server overloaded?
[06-01-2024 06:15:35] [Debug] PlacedGeneratorsManager: Waiting for chunk load ChunkInfo: world, 4, -13 took more than 500ms! (515ms) Is the server overloaded?
[06-01-2024 06:15:35] [Debug] PlacedGeneratorsManager: Waiting for chunk load ChunkInfo: world, 7, -17 took more than 500ms! (515ms) Is the server overloaded?
[06-01-2024 06:15:35] [Debug] PlacedGeneratorsManager: Waiting for chunk load ChunkInfo: world, -5, -22 took more than 500ms! (516ms) Is the server overloaded?
[06-01-2024 06:15:35] [Debug] PlacedGeneratorsManager: Waiting for chunk load ChunkInfo: world, 3, -19 took more than 500ms! (517ms) Is the server overloaded?
[06-01-2024 06:15:35] [Debug] PlacedGeneratorsManager: Waiting for chunk load ChunkInfo: world, -1, -25 took more than 500ms! (517ms) Is the server overloaded?
[06-01-2024 06:15:35] [Debug] PlacedGeneratorsManager: Waiting for chunk load ChunkInfo: world, -1, -15 took more than 500ms! (518ms) Is the server overloaded?
[06-01-2024 06:15:35] [Debug] PlacedGeneratorsManager: Waiting for chunk load ChunkInfo: world, -8, -25 took more than 500ms! (519ms) Is the server overloaded?
[06-01-2024 06:15:35] [Debug] PlacedGeneratorsManager: Waiting for chunk load ChunkInfo: world, 1, -17 took more than 500ms! (519ms) Is the server overloaded?
[06-01-2024 06:15:35] [Debug] PlacedGeneratorsManager: Waiting for chunk load ChunkInfo: world, 5, -18 took more than 500ms! (520ms) Is the server overloaded?
[06-01-2024 06:15:35] [Debug] PlacedGeneratorsManager: Waiting for chunk load ChunkInfo: world, -7, -19 took more than 500ms! (521ms) Is the server overloaded?
[06-01-2024 06:15:35] [Debug] PlacedGeneratorsManager: Waiting for chunk load ChunkInfo: world, -5, -25 took more than 500ms! (521ms) Is the server overloaded?
[06-01-2024 06:15:35] [Debug] PlacedGeneratorsManager: Waiting for chunk load ChunkInfo: world, -6, -13 took more than 500ms! (522ms) Is the server overloaded?
[06-01-2024 06:15:35] [Debug] PlacedGeneratorsManager: Waiting for chunk load ChunkInfo: world, 6, -26 took more than 500ms! (535ms) Is the server overloaded?
[06-01-2024 06:15:35] [Debug] PlacedGeneratorsManager: Waiting for chunk load ChunkInfo: world, 2, -27 took more than 500ms! (536ms) Is the server overloaded?
[06-01-2024 06:15:35] [Debug] PlacedGeneratorsManager: Waiting for chunk load ChunkInfo: world, -3, -23 took more than 500ms! (536ms) Is the server overloaded?
[06-01-2024 06:15:35] [Debug] PlacedGeneratorsManager: Waiting for chunk load ChunkInfo: world, 7, -16 took more than 500ms! (536ms) Is the server overloaded?
[06-01-2024 06:15:35] [Debug] PlacedGeneratorsManager: Waiting for chunk load ChunkInfo: world, -4, -15 took more than 500ms! (537ms) Is the server overloaded?
[06-01-2024 06:15:35] [Debug] PlacedGeneratorsManager: Waiting for chunk load ChunkInfo: world, 1, -16 took more than 500ms! (537ms) Is the server overloaded?
[06-01-2024 06:15:35] [Debug] PlacedGeneratorsManager: Waiting for chunk load ChunkInfo: world, 7, -23 took more than 500ms! (537ms) Is the server overloaded?
[06-01-2024 06:15:35] [Debug] PlacedGeneratorsManager: Waiting for chunk load ChunkInfo: world, 4, -14 took more than 500ms! (538ms) Is the server overloaded?
[06-01-2024 06:15:35] [Debug] PlacedGeneratorsManager: Waiting for chunk load ChunkInfo: world, 4, -27 took more than 500ms! (538ms) Is the server overloaded?
[06-01-2024 06:15:35] [Debug] PlacedGeneratorsManager: Waiting for chunk load ChunkInfo: world, -8, -12 took more than 500ms! (538ms) Is the server overloaded?
[06-01-2024 06:15:35] [Debug] PlacedGeneratorsManager: Waiting for chunk load ChunkInfo: world, 1, -27 took more than 500ms! (539ms) Is the server overloaded?
[06-01-2024 06:15:35] [Debug] PlacedGeneratorsManager: Waiting for chunk load ChunkInfo: world, -6, -12 took more than 500ms! (539ms) Is the server overloaded?
[06-01-2024 06:15:35] [Debug] PlacedGeneratorsManager: Waiting for chunk load ChunkInfo: world, -1, -14 took more than 500ms! (540ms) Is the server overloaded?
[06-01-2024 06:15:35] [Debug] PlacedGeneratorsManager: Waiting for chunk load ChunkInfo: world, 2, -26 took more than 500ms! (540ms) Is the server overloaded?
[06-01-2024 06:15:35] [Debug] PlacedGeneratorsManager: Waiting for chunk load ChunkInfo: world, -8, -26 took more than 500ms! (540ms) Is the server overloaded?
[06-01-2024 06:15:35] [Debug] PlacedGeneratorsManager: Waiting for chunk load ChunkInfo: world, -1, -24 took more than 500ms! (541ms) Is the server overloaded?
[06-01-2024 06:15:35] [Debug] PlacedGeneratorsManager: Waiting for chunk load ChunkInfo: world, -4, -14 took more than 500ms! (541ms) Is the server overloaded?
[06-01-2024 06:15:35] [Debug] PlacedGeneratorsManager: Waiting for chunk load ChunkInfo: world, -3, -24 took more than 500ms! (541ms) Is the server overloaded?
[06-01-2024 06:15:35] [Debug] PlacedGeneratorsManager: Waiting for chunk load ChunkInfo: world, -5, -24 took more than 500ms! (542ms) Is the server overloaded?
[06-01-2024 06:15:35] [Debug] PlacedGeneratorsManager: Waiting for chunk load ChunkInfo: world, -7, -20 took more than 500ms! (542ms) Is the server overloaded?
[06-01-2024 06:15:35] [Debug] PlacedGeneratorsManager: Waiting for chunk load ChunkInfo: world, 5, -17 took more than 500ms! (542ms) Is the server overloaded?
[06-01-2024 06:15:35] [Debug] PlacedGeneratorsManager: Waiting for chunk load ChunkInfo: world, -2, -16 took more than 500ms! (543ms) Is the server overloaded?
[06-01-2024 06:15:35] [Debug] PlacedGeneratorsManager: Waiting for chunk load ChunkInfo: world, -5, -20 took more than 500ms! (543ms) Is the server overloaded?
[06-01-2024 06:15:35] [Debug] PlacedGeneratorsManager: Waiting for chunk load ChunkInfo: world, 7, -15 took more than 500ms! (543ms) Is the server overloaded?
[06-01-2024 06:15:35] [Debug] PlacedGeneratorsManager: Waiting for chunk load ChunkInfo: world, -3, -25 took more than 500ms! (544ms) Is the server overloaded?
[06-01-2024 06:15:35] [Debug] PlacedGeneratorsManager: Waiting for chunk load ChunkInfo: world, -4, -16 took more than 500ms! (544ms) Is the server overloaded?
[06-01-2024 06:15:35] [Debug] PlacedGeneratorsManager: Waiting for chunk load ChunkInfo: world, -8, -23 took more than 500ms! (544ms) Is the server overloaded?
[06-01-2024 06:15:35] [Debug] PlacedGeneratorsManager: Waiting for chunk load ChunkInfo: world, 4, -25 took more than 500ms! (545ms) Is the server overloaded?
[06-01-2024 06:15:35] [Debug] PlacedGeneratorsManager: Waiting for chunk load ChunkInfo: world, 0, -24 took more than 500ms! (545ms) Is the server overloaded?
[06-01-2024 06:15:35] [Debug] PlacedGeneratorsManager: Waiting for chunk load ChunkInfo: world, -6, -11 took more than 500ms! (545ms) Is the server overloaded?
[06-01-2024 06:15:35] [Debug] PlacedGeneratorsManager: Waiting for chunk load ChunkInfo: world, 0, -17 took more than 500ms! (546ms) Is the server overloaded?
[06-01-2024 06:15:35] [Debug] PlacedGeneratorsManager: Waiting for chunk load ChunkInfo: world, 6, -17 took more than 500ms! (546ms) Is the server overloaded?
[06-01-2024 06:15:35] [Debug] PlacedGeneratorsManager: Waiting for chunk load ChunkInfo: world, -7, -16 took more than 500ms! (546ms) Is the server overloaded?
[06-01-2024 06:15:35] [Debug] PlacedGeneratorsManager: Waiting for chunk load ChunkInfo: world, 2, -20 took more than 500ms! (547ms) Is the server overloaded?
[06-01-2024 06:15:35] [Debug] PlacedGeneratorsManager: Waiting for chunk load ChunkInfo: world, -2, -21 took more than 500ms! (547ms) Is the server overloaded?
[06-01-2024 06:15:35] [Debug] PlacedGeneratorsManager: Waiting for chunk load ChunkInfo: world, 5, -23 took more than 500ms! (548ms) Is the server overloaded?
[06-01-2024 06:15:35] [Debug] PlacedGeneratorsManager: Waiting for chunk load ChunkInfo: world, 1, -12 took more than 500ms! (548ms) Is the server overloaded?
[06-01-2024 06:15:35] [Debug] PlacedGeneratorsManager: Waiting for chunk load ChunkInfo: world, 7, -25 took more than 500ms! (548ms) Is the server overloaded?
[06-01-2024 06:15:35] [Debug] PlacedGeneratorsManager: Waiting for chunk load ChunkInfo: world, -6, -25 took more than 500ms! (548ms) Is the server overloaded?
[06-01-2024 06:15:35] [Debug] PlacedGeneratorsManager: Waiting for chunk load ChunkInfo: world, 3, -15 took more than 500ms! (549ms) Is the server overloaded?
[06-01-2024 06:15:35] [Debug] PlacedGeneratorsManager: Waiting for chunk load ChunkInfo: world, -7, -15 took more than 500ms! (549ms) Is the server overloaded?
[06-01-2024 06:15:35] [Debug] PlacedGeneratorsManager: Waiting for chunk load ChunkInfo: world, 4, -26 took more than 500ms! (549ms) Is the server overloaded?
[06-01-2024 06:15:35] [Debug] PlacedGeneratorsManager: Waiting for chunk load ChunkInfo: world, -4, -13 took more than 500ms! (549ms) Is the server overloaded?
[06-01-2024 06:15:35] [Debug] PlacedGeneratorsManager: Waiting for chunk load ChunkInfo: world, -5, -21 took more than 500ms! (549ms) Is the server overloaded?
[06-01-2024 06:15:35] [Debug] PlacedGeneratorsManager: Waiting for chunk load ChunkInfo: world, 6, -16 took more than 500ms! (550ms) Is the server overloaded?
[06-01-2024 06:15:35] [Debug] PlacedGeneratorsManager: Waiting for chunk load ChunkInfo: world, 0, -23 took more than 500ms! (550ms) Is the server overloaded?
[06-01-2024 06:15:35] [Debug] PlacedGeneratorsManager: Waiting for chunk load ChunkInfo: world, 0, -18 took more than 500ms! (550ms) Is the server overloaded?
[06-01-2024 06:15:35] [Debug] PlacedGeneratorsManager: Waiting for chunk load ChunkInfo: world, -3, -26 took more than 500ms! (550ms) Is the server overloaded?
[06-01-2024 06:15:35] [Debug] PlacedGeneratorsManager: Waiting for chunk load ChunkInfo: world, 3, -13 took more than 500ms! (551ms) Is the server overloaded?
[06-01-2024 06:15:35] [Debug] PlacedGeneratorsManager: Waiting for chunk load ChunkInfo: world, -2, -22 took more than 500ms! (551ms) Is the server overloaded?
[06-01-2024 06:15:35] [Debug] PlacedGeneratorsManager: Waiting for chunk load ChunkInfo: world, -7, -18 took more than 500ms! (551ms) Is the server overloaded?
[06-01-2024 06:15:35] [Debug] PlacedGeneratorsManager: Waiting for chunk load ChunkInfo: world, 3, -14 took more than 500ms! (551ms) Is the server overloaded?
[06-01-2024 06:15:35] [Debug] PlacedGeneratorsManager: Waiting for chunk load ChunkInfo: world, 7, -24 took more than 500ms! (552ms) Is the server overloaded?
[06-01-2024 06:15:35] [Debug] PlacedGeneratorsManager: Waiting for chunk load ChunkInfo: world, -4, -17 took more than 500ms! (552ms) Is the server overloaded?
[06-01-2024 06:15:35] [Debug] PlacedGeneratorsManager: Waiting for chunk load ChunkInfo: world, -2, -15 took more than 500ms! (552ms) Is the server overloaded?
[06-01-2024 06:15:35] [Debug] PlacedGeneratorsManager: Waiting for chunk load ChunkInfo: world, 1, -13 took more than 500ms! (552ms) Is the server overloaded?
[06-01-2024 06:15:35] [Debug] PlacedGeneratorsManager: Waiting for chunk load ChunkInfo: world, 2, -21 took more than 500ms! (552ms) Is the server overloaded?
[06-01-2024 06:15:35] [Debug] PlacedGeneratorsManager: Waiting for chunk load ChunkInfo: world, -8, -24 took more than 500ms! (553ms) Is the server overloaded?
[06-01-2024 06:15:35] [Debug] PlacedGeneratorsManager: Waiting for chunk load ChunkInfo: world, -6, -26 took more than 500ms! (553ms) Is the server overloaded?
[06-01-2024 06:15:35] [Debug] PlacedGeneratorsManager: Waiting for chunk load ChunkInfo: world, 7, -14 took more than 500ms! (553ms) Is the server overloaded?
[06-01-2024 06:15:35] [Debug] PlacedGeneratorsManager: Waiting for chunk load ChunkInfo: world, 3, -16 took more than 500ms! (553ms) Is the server overloaded?
[06-01-2024 06:15:35] [Debug] PlacedGeneratorsManager: Waiting for chunk load ChunkInfo: world, -4, -12 took more than 500ms! (554ms) Is the server overloaded?
[06-01-2024 06:15:35] [Debug] PlacedGeneratorsManager: Waiting for chunk load ChunkInfo: world, 2, -23 took more than 500ms! (554ms) Is the server overloaded?
[06-01-2024 06:15:35] [Debug] PlacedGeneratorsManager: Waiting for chunk load ChunkInfo: world, 0, -19 took more than 500ms! (554ms) Is the server overloaded?
[06-01-2024 06:15:35] [Debug] PlacedGeneratorsManager: Waiting for chunk load ChunkInfo: world, 5, -21 took more than 500ms! (554ms) Is the server overloaded?
[06-01-2024 06:15:35] [Debug] PlacedGeneratorsManager: Waiting for chunk load ChunkInfo: world, -1, -11 took more than 500ms! (555ms) Is the server overloaded?
[06-01-2024 06:15:35] [Debug] PlacedGeneratorsManager: Waiting for chunk load ChunkInfo: world, 5, -24 took more than 500ms! (555ms) Is the server overloaded?
[06-01-2024 06:15:35] [Debug] PlacedGeneratorsManager: Waiting for chunk load ChunkInfo: world, -3, -27 took more than 500ms! (555ms) Is the server overloaded?
[06-01-2024 06:15:35] [Debug] PlacedGeneratorsManager: Waiting for chunk load ChunkInfo: world, -8, -21 took more than 500ms! (555ms) Is the server overloaded?
[06-01-2024 06:15:35] [Debug] PlacedGeneratorsManager: Waiting for chunk load ChunkInfo: world, -2, -18 took more than 500ms! (555ms) Is the server overloaded?
[06-01-2024 06:15:35] [Debug] PlacedGeneratorsManager: Waiting for chunk load ChunkInfo: world, -2, -19 took more than 500ms! (556ms) Is the server overloaded?
[06-01-2024 06:15:35] [Debug] PlacedGeneratorsManager: Waiting for chunk load ChunkInfo: world, -4, -18 took more than 500ms! (556ms) Is the server overloaded?
[06-01-2024 06:15:35] [Debug] PlacedGeneratorsManager: Waiting for chunk load ChunkInfo: world, -6, -27 took more than 500ms! (556ms) Is the server overloaded?
[06-01-2024 06:15:35] [Debug] PlacedGeneratorsManager: Waiting for chunk load ChunkInfo: world, 4, -23 took more than 500ms! (556ms) Is the server overloaded?
[06-01-2024 06:15:35] [Debug] PlacedGeneratorsManager: Waiting for chunk load ChunkInfo: world, 5, -11 took more than 500ms! (557ms) Is the server overloaded?
[06-01-2024 06:15:35] [Debug] PlacedGeneratorsManager: Waiting for chunk load ChunkInfo: world, -5, -18 took more than 500ms! (557ms) Is the server overloaded?
[06-01-2024 06:15:35] [Debug] PlacedGeneratorsManager: Waiting for chunk load ChunkInfo: world, 7, -27 took more than 500ms! (557ms) Is the server overloaded?
[06-01-2024 06:15:35] [Debug] PlacedGeneratorsManager: Waiting for chunk load ChunkInfo: world, 7, -13 took more than 500ms! (557ms) Is the server overloaded?
[06-01-2024 06:15:35] [Debug] PlacedGeneratorsManager: Waiting for chunk load ChunkInfo: world, -8, -22 took more than 500ms! (558ms) Is the server overloaded?
[06-01-2024 06:15:35] [Debug] PlacedGeneratorsManager: Waiting for chunk load ChunkInfo: world, 7, -26 took more than 500ms! (558ms) Is the server overloaded?
[06-01-2024 06:15:35] [Debug] PlacedGeneratorsManager: Waiting for chunk load ChunkInfo: world, -2, -17 took more than 500ms! (558ms) Is the server overloaded?
[06-01-2024 06:15:35] [Debug] PlacedGeneratorsManager: Waiting for chunk load ChunkInfo: world, 2, -22 took more than 500ms! (558ms) Is the server overloaded?
[06-01-2024 06:15:35] [Debug] PlacedGeneratorsManager: Waiting for chunk load ChunkInfo: world, -4, -11 took more than 500ms! (558ms) Is the server overloaded?
[06-01-2024 06:15:35] [Debug] PlacedGeneratorsManager: Waiting for chunk load ChunkInfo: world, -7, -17 took more than 500ms! (559ms) Is the server overloaded?
[06-01-2024 06:15:35] [Debug] PlacedGeneratorsManager: Waiting for chunk load ChunkInfo: world, 1, -11 took more than 500ms! (559ms) Is the server overloaded?
[06-01-2024 06:15:35] [Debug] PlacedGeneratorsManager: Waiting for chunk load ChunkInfo: world, -2, -20 took more than 500ms! (559ms) Is the server overloaded?
[06-01-2024 06:15:35] [Debug] PlacedGeneratorsManager: Waiting for chunk load ChunkInfo: world, -4, -19 took more than 500ms! (559ms) Is the server overloaded?
[06-01-2024 06:15:35] [Debug] PlacedGeneratorsManager: Waiting for chunk load ChunkInfo: world, 3, -17 took more than 500ms! (560ms) Is the server overloaded?
[06-01-2024 06:15:35] [Debug] PlacedGeneratorsManager: Waiting for chunk load ChunkInfo: world, 7, -12 took more than 500ms! (560ms) Is the server overloaded?
[06-01-2024 06:15:35] [Debug] PlacedGeneratorsManager: Waiting for chunk load ChunkInfo: world, 4, -24 took more than 500ms! (560ms) Is the server overloaded?
[06-01-2024 06:15:35] [Debug] PlacedGeneratorsManager: Waiting for chunk load ChunkInfo: world, 0, -20 took more than 500ms! (560ms) Is the server overloaded?
[06-01-2024 06:15:35] [Debug] PlacedGeneratorsManager: Waiting for chunk load ChunkInfo: world, 5, -22 took more than 500ms! (560ms) Is the server overloaded?
[06-01-2024 06:15:35] [Debug] PlacedGeneratorsManager: Waiting for chunk load ChunkInfo: world, -5, -19 took more than 500ms! (561ms) Is the server overloaded?
[06-01-2024 06:15:35] [Debug] PlacedGeneratorsManager: Waiting for chunk load ChunkInfo: world, 5, -12 took more than 500ms! (561ms) Is the server overloaded?
[06-01-2024 06:15:35] [Debug] PlacedGeneratorsManager: Waiting for chunk load ChunkInfo: world_the_end, 0, 0 took more than 500ms! (561ms) Is the server overloaded?
[06-01-2024 06:15:35] [Debug] PlacedGeneratorsManager: Waiting for chunk load ChunkInfo: world_the_end, -1, -6 took more than 500ms! (561ms) Is the server overloaded?
[06-01-2024 06:15:35] [Debug] PlacedGeneratorsManager: Waiting for chunk load ChunkInfo: world_the_end, 1, 5 took more than 500ms! (561ms) Is the server overloaded?
[06-01-2024 06:15:35] [Debug] PlacedGeneratorsManager: Waiting for chunk load ChunkInfo: world_the_end, 5, -5 took more than 500ms! (562ms) Is the server overloaded?
[06-01-2024 06:15:35] [Debug] PlacedGeneratorsManager: Waiting for chunk load ChunkInfo: world_the_end, -5, 4 took more than 500ms! (562ms) Is the server overloaded?
[06-01-2024 06:15:35] [Debug] PlacedGeneratorsManager: Waiting for chunk load ChunkInfo: world_the_end, -3, -1 took more than 500ms! (562ms) Is the server overloaded?
[06-01-2024 06:15:35] [Debug] PlacedGeneratorsManager: Waiting for chunk load ChunkInfo: world_the_end, 3, 0 took more than 500ms! (562ms) Is the server overloaded?
[06-01-2024 06:15:35] [Debug] PlacedGeneratorsManager: Waiting for chunk load ChunkInfo: world_the_end, -2, 4 took more than 500ms! (563ms) Is the server overloaded?
[06-01-2024 06:15:35] [Debug] PlacedGeneratorsManager: Waiting for chunk load ChunkInfo: world_the_end, 2, -5 took more than 500ms! (563ms) Is the server overloaded?
[06-01-2024 06:15:35] [Debug] PlacedGeneratorsManager: Waiting for chunk load ChunkInfo: world_the_end, -6, -1 took more than 500ms! (563ms) Is the server overloaded?
[06-01-2024 06:15:35] [Debug] PlacedGeneratorsManager: Waiting for chunk load ChunkInfo: world_the_end, 6, 0 took more than 500ms! (563ms) Is the server overloaded?
[06-01-2024 06:15:35] [Debug] PlacedGeneratorsManager: Waiting for chunk load ChunkInfo: world_the_end, 8, -2 took more than 500ms! (564ms) Is the server overloaded?
[06-01-2024 06:15:35] [Debug] PlacedGeneratorsManager: Waiting for chunk load ChunkInfo: world_the_end, -8, 1 took more than 500ms! (564ms) Is the server overloaded?
[06-01-2024 06:15:35] [Debug] PlacedGeneratorsManager: Waiting for chunk load ChunkInfo: world_the_end, -6, 0 took more than 500ms! (564ms) Is the server overloaded?
[06-01-2024 06:15:35] [Debug] PlacedGeneratorsManager: Waiting for chunk load ChunkInfo: world_the_end, 6, -1 took more than 500ms! (564ms) Is the server overloaded?
[06-01-2024 06:15:35] [Debug] PlacedGeneratorsManager: Waiting for chunk load ChunkInfo: world_the_end, -1, 8 took more than 500ms! (564ms) Is the server overloaded?
[06-01-2024 06:15:35] [Debug] PlacedGeneratorsManager: Waiting for chunk load ChunkInfo: world_the_end, -2, 3 took more than 500ms! (565ms) Is the server overloaded?
[06-01-2024 06:15:35] [Debug] PlacedGeneratorsManager: Waiting for chunk load ChunkInfo: world_the_end, 2, -4 took more than 500ms! (565ms) Is the server overloaded?
[06-01-2024 06:15:35] [Debug] PlacedGeneratorsManager: Waiting for chunk load ChunkInfo: world_the_end, 4, 8 took more than 500ms! (565ms) Is the server overloaded?
[06-01-2024 06:15:35] [Debug] PlacedGeneratorsManager: Waiting for chunk load ChunkInfo: world_the_end, 5, -4 took more than 500ms! (565ms) Is the server overloaded?
[06-01-2024 06:15:35] [Debug] PlacedGeneratorsManager: Waiting for chunk load ChunkInfo: world_the_end, -5, 3 took more than 500ms! (565ms) Is the server overloaded?
[06-01-2024 06:15:35] [Debug] PlacedGeneratorsManager: Waiting for chunk load ChunkInfo: world_the_end, 1, -8 took more than 500ms! (566ms) Is the server overloaded?
[06-01-2024 06:15:35] [Debug] PlacedGeneratorsManager: Waiting for chunk load ChunkInfo: world_the_end, -1, 7 took more than 500ms! (566ms) Is the server overloaded?
[06-01-2024 06:15:35] [Debug] PlacedGeneratorsManager: Waiting for chunk load ChunkInfo: world_the_end, 3, 1 took more than 500ms! (566ms) Is the server overloaded?
[06-01-2024 06:15:35] [Debug] PlacedGeneratorsManager: Waiting for chunk load ChunkInfo: world_the_end, -3, -2 took more than 500ms! (566ms) Is the server overloaded?
[06-01-2024 06:15:35] [Debug] PlacedGeneratorsManager: Waiting for chunk load ChunkInfo: world_the_end, 8, -1 took more than 500ms! (567ms) Is the server overloaded?
[06-01-2024 06:15:35] [Debug] PlacedGeneratorsManager: Waiting for chunk load ChunkInfo: world_the_end, -8, 0 took more than 500ms! (567ms) Is the server overloaded?
[06-01-2024 06:15:35] [Debug] PlacedGeneratorsManager: Waiting for chunk load ChunkInfo: world_the_end, -1, -7 took more than 500ms! (567ms) Is the server overloaded?
[06-01-2024 06:15:35] [Debug] PlacedGeneratorsManager: Waiting for chunk load ChunkInfo: world_the_end, 1, 6 took more than 500ms! (567ms) Is the server overloaded?
[06-01-2024 06:15:35] [Debug] PlacedGeneratorsManager: Waiting for chunk load ChunkInfo: world_the_end, -3, 8 took more than 500ms! (568ms) Is the server overloaded?
[06-01-2024 06:15:35] [Debug] PlacedGeneratorsManager: Waiting for chunk load ChunkInfo: world_the_end, -4, 8 took more than 500ms! (568ms) Is the server overloaded?
[06-01-2024 06:15:35] [Debug] PlacedGeneratorsManager: Waiting for chunk load ChunkInfo: world_the_end, 8, 3 took more than 500ms! (569ms) Is the server overloaded?
[06-01-2024 06:15:35] [Debug] PlacedGeneratorsManager: Waiting for chunk load ChunkInfo: world_the_end, -8, -4 took more than 500ms! (569ms) Is the server overloaded?
[06-01-2024 06:15:35] [Debug] PlacedGeneratorsManager: Waiting for chunk load ChunkInfo: world_the_end, -4, -7 took more than 500ms! (570ms) Is the server overloaded?
[06-01-2024 06:15:35] [Debug] PlacedGeneratorsManager: Waiting for chunk load ChunkInfo: world_the_end, 4, 6 took more than 500ms! (570ms) Is the server overloaded?
[06-01-2024 06:15:35] [Debug] PlacedGeneratorsManager: Waiting for chunk load ChunkInfo: world_the_end, -4, -8 took more than 500ms! (570ms) Is the server overloaded?
[06-01-2024 06:15:35] [Debug] PlacedGeneratorsManager: Waiting for chunk load ChunkInfo: world_the_end, 4, 7 took more than 500ms! (571ms) Is the server overloaded?
[06-01-2024 06:15:35] [Debug] PlacedGeneratorsManager: Waiting for chunk load ChunkInfo: world_the_end, -4, 7 took more than 500ms! (571ms) Is the server overloaded?
[06-01-2024 06:15:35] [Debug] PlacedGeneratorsManager: Waiting for chunk load ChunkInfo: world_the_end, 4, -8 took more than 500ms! (571ms) Is the server overloaded?
[06-01-2024 06:15:35] [Debug] PlacedGeneratorsManager: Waiting for chunk load ChunkInfo: world_the_end, -7, 7 took more than 500ms! (572ms) Is the server overloaded?
[06-01-2024 06:15:35] [Debug] PlacedGeneratorsManager: Waiting for chunk load ChunkInfo: world_the_end, 7, -8 took more than 500ms! (572ms) Is the server overloaded?
[06-01-2024 06:15:35] [Debug] PlacedGeneratorsManager: Waiting for chunk load ChunkInfo: world_the_end, 3, 2 took more than 500ms! (572ms) Is the server overloaded?
[06-01-2024 06:15:35] [Debug] PlacedGeneratorsManager: Waiting for chunk load ChunkInfo: world_the_end, -3, -3 took more than 500ms! (573ms) Is the server overloaded?
[06-01-2024 06:15:35] [Debug] PlacedGeneratorsManager: Waiting for chunk load ChunkInfo: world_the_end, 1, -7 took more than 500ms! (573ms) Is the server overloaded?
[06-01-2024 06:15:35] [Debug] PlacedGeneratorsManager: Waiting for chunk load ChunkInfo: world_the_end, -1, 6 took more than 500ms! (573ms) Is the server overloaded?
[06-01-2024 06:15:35] [Debug] PlacedGeneratorsManager: Waiting for chunk load ChunkInfo: world_the_end, -5, 5 took more than 500ms! (574ms) Is the server overloaded?
[06-01-2024 06:15:35] [Debug] PlacedGeneratorsManager: Waiting for chunk load ChunkInfo: world_the_end, 5, -6 took more than 500ms! (574ms) Is the server overloaded?
[06-01-2024 06:15:35] [Debug] PlacedGeneratorsManager: Waiting for chunk load ChunkInfo: world_the_end, 5, -8 took more than 500ms! (574ms) Is the server overloaded?
[06-01-2024 06:15:35] [Debug] PlacedGeneratorsManager: Waiting for chunk load ChunkInfo: world_the_end, -5, 7 took more than 500ms! (575ms) Is the server overloaded?
[06-01-2024 06:15:35] [Debug] PlacedGeneratorsManager: Waiting for chunk load ChunkInfo: world_the_end, 8, -4 took more than 500ms! (575ms) Is the server overloaded?
[06-01-2024 06:15:35] [Debug] PlacedGeneratorsManager: Waiting for chunk load ChunkInfo: world_the_end, -8, 3 took more than 500ms! (575ms) Is the server overloaded?
[06-01-2024 06:15:35] [Debug] PlacedGeneratorsManager: Waiting for chunk load ChunkInfo: world_the_end, -4, 6 took more than 500ms! (576ms) Is the server overloaded?
[06-01-2024 06:15:35] [Debug] PlacedGeneratorsManager: Waiting for chunk load ChunkInfo: world_the_end, 4, -7 took more than 500ms! (576ms) Is the server overloaded?
[06-01-2024 06:15:35] [Debug] PlacedGeneratorsManager: Waiting for chunk load ChunkInfo: world_the_end, 1, 3 took more than 500ms! (576ms) Is the server overloaded?
[06-01-2024 06:15:35] [Debug] PlacedGeneratorsManager: Waiting for chunk load ChunkInfo: world_the_end, -1, -4 took more than 500ms! (577ms) Is the server overloaded?
[06-01-2024 06:15:35] [Debug] PlacedGeneratorsManager: Waiting for chunk load ChunkInfo: world_the_end, 6, 2 took more than 500ms! (577ms) Is the server overloaded?
[06-01-2024 06:15:35] [Debug] PlacedGeneratorsManager: Waiting for chunk load ChunkInfo: world_the_end, -6, -3 took more than 500ms! (577ms) Is the server overloaded?
[06-01-2024 06:15:35] [Debug] PlacedGeneratorsManager: Waiting for chunk load ChunkInfo: world_the_end, 1, 4 took more than 500ms! (577ms) Is the server overloaded?
[06-01-2024 06:15:35] [Debug] PlacedGeneratorsManager: Waiting for chunk load ChunkInfo: world_the_end, -1, -5 took more than 500ms! (578ms) Is the server overloaded?
[06-01-2024 06:15:35] [Debug] PlacedGeneratorsManager: Waiting for chunk load ChunkInfo: world_the_end, 6, 1 took more than 500ms! (578ms) Is the server overloaded?
[06-01-2024 06:15:35] [Debug] PlacedGeneratorsManager: Waiting for chunk load ChunkInfo: world_the_end, -6, -2 took more than 500ms! (578ms) Is the server overloaded?
[06-01-2024 06:15:35] [Debug] PlacedGeneratorsManager: Waiting for chunk load ChunkInfo: world_the_end, -7, 8 took more than 500ms! (579ms) Is the server overloaded?
[06-01-2024 06:15:35] [Debug] PlacedGeneratorsManager: Waiting for chunk load ChunkInfo: world_the_end, 8, -3 took more than 500ms! (579ms) Is the server overloaded?
[06-01-2024 06:15:35] [Debug] PlacedGeneratorsManager: Waiting for chunk load ChunkInfo: world_the_end, -8, 2 took more than 500ms! (579ms) Is the server overloaded?
[06-01-2024 06:15:35] [Debug] PlacedGeneratorsManager: Waiting for chunk load ChunkInfo: world_the_end, -1, 5 took more than 500ms! (580ms) Is the server overloaded?
[06-01-2024 06:15:35] [Debug] PlacedGeneratorsManager: Waiting for chunk load ChunkInfo: world_the_end, 1, -6 took more than 500ms! (580ms) Is the server overloaded?
[06-01-2024 06:15:35] [Debug] PlacedGeneratorsManager: Waiting for chunk load ChunkInfo: world_the_end, -5, 6 took more than 500ms! (580ms) Is the server overloaded?
[06-01-2024 06:15:35] [Debug] PlacedGeneratorsManager: Waiting for chunk load ChunkInfo: world_the_end, 5, -7 took more than 500ms! (581ms) Is the server overloaded?
[06-01-2024 06:15:35] [Debug] PlacedGeneratorsManager: Waiting for chunk load ChunkInfo: world_the_end, -3, -4 took more than 500ms! (581ms) Is the server overloaded?
[06-01-2024 06:15:35] [Debug] PlacedGeneratorsManager: Waiting for chunk load ChunkInfo: world_the_end, 3, 3 took more than 500ms! (581ms) Is the server overloaded?
[06-01-2024 06:15:35] [Debug] PlacedGeneratorsManager: Waiting for chunk load ChunkInfo: world_the_end, -1, 4 took more than 500ms! (582ms) Is the server overloaded?
[06-01-2024 06:15:35] [Debug] PlacedGeneratorsManager: Waiting for chunk load ChunkInfo: world_the_end, 1, -5 took more than 500ms! (582ms) Is the server overloaded?
[06-01-2024 06:15:35] [Debug] PlacedGeneratorsManager: Waiting for chunk load ChunkInfo: world_the_end, 8, 2 took more than 500ms! (582ms) Is the server overloaded?
[06-01-2024 06:15:35] [Debug] PlacedGeneratorsManager: Waiting for chunk load ChunkInfo: world_the_end, -8, -3 took more than 500ms! (583ms) Is the server overloaded?
[06-01-2024 06:15:35] [Debug] PlacedGeneratorsManager: Waiting for chunk load ChunkInfo: world_the_end, -7, 4 took more than 500ms! (583ms) Is the server overloaded?
[06-01-2024 06:15:35] [Debug] PlacedGeneratorsManager: Waiting for chunk load ChunkInfo: world_the_end, 7, -5 took more than 500ms! (583ms) Is the server overloaded?
[06-01-2024 06:15:35] [Debug] PlacedGeneratorsManager: Waiting for chunk load ChunkInfo: world_the_end, 6, 3 took more than 500ms! (584ms) Is the server overloaded?
[06-01-2024 06:15:35] [Debug] PlacedGeneratorsManager: Waiting for chunk load ChunkInfo: world_the_end, -6, -4 took more than 500ms! (584ms) Is the server overloaded?
[06-01-2024 06:15:35] [Debug] PlacedGeneratorsManager: Waiting for chunk load ChunkInfo: world_the_end, -1, -3 took more than 500ms! (584ms) Is the server overloaded?
[06-01-2024 06:15:35] [Debug] PlacedGeneratorsManager: Waiting for chunk load ChunkInfo: world_the_end, 1, 2 took more than 500ms! (585ms) Is the server overloaded?
[06-01-2024 06:15:35] [Debug] PlacedGeneratorsManager: Waiting for chunk load ChunkInfo: world_the_end, 3, -3 took more than 500ms! (585ms) Is the server overloaded?
[06-01-2024 06:15:35] [Debug] PlacedGeneratorsManager: Waiting for chunk load ChunkInfo: world_the_end, -3, 2 took more than 500ms! (585ms) Is the server overloaded?
[06-01-2024 06:15:35] [Debug] PlacedGeneratorsManager: Waiting for chunk load ChunkInfo: world_the_end, 7, 6 took more than 500ms! (586ms) Is the server overloaded?
[06-01-2024 06:15:35] [Debug] PlacedGeneratorsManager: Waiting for chunk load ChunkInfo: world_the_end, -7, -7 took more than 500ms! (586ms) Is the server overloaded?
[06-01-2024 06:15:35] [Debug] PlacedGeneratorsManager: Waiting for chunk load ChunkInfo: world_the_end, -4, -5 took more than 500ms! (586ms) Is the server overloaded?
[06-01-2024 06:15:35] [Debug] PlacedGeneratorsManager: Waiting for chunk load ChunkInfo: world_the_end, 4, 4 took more than 500ms! (586ms) Is the server overloaded?
[06-01-2024 06:15:35] [Debug] PlacedGeneratorsManager: Waiting for chunk load ChunkInfo: world_the_end, -4, -6 took more than 500ms! (587ms) Is the server overloaded?
[06-01-2024 06:15:35] [Debug] PlacedGeneratorsManager: Waiting for chunk load ChunkInfo: world_the_end, 4, 5 took more than 500ms! (587ms) Is the server overloaded?
[06-01-2024 06:15:35] [Debug] PlacedGeneratorsManager: Waiting for chunk load ChunkInfo: world_the_end, 1, -4 took more than 500ms! (587ms) Is the server overloaded?
[06-01-2024 06:15:35] [Debug] PlacedGeneratorsManager: Waiting for chunk load ChunkInfo: world_the_end, -1, 3 took more than 500ms! (588ms) Is the server overloaded?
[06-01-2024 06:15:35] [Debug] PlacedGeneratorsManager: Waiting for chunk load ChunkInfo: world_the_end, 6, 4 took more than 500ms! (588ms) Is the server overloaded?
[06-01-2024 06:15:35] [Debug] PlacedGeneratorsManager: Waiting for chunk load ChunkInfo: world_the_end, -6, -5 took more than 500ms! (589ms) Is the server overloaded?
[06-01-2024 06:15:35] [Debug] PlacedGeneratorsManager: Waiting for chunk load ChunkInfo: world_the_end, -1, -2 took more than 500ms! (589ms) Is the server overloaded?
[06-01-2024 06:15:35] [Debug] PlacedGeneratorsManager: Waiting for chunk load ChunkInfo: world_the_end, 1, 1 took more than 500ms! (589ms) Is the server overloaded?
[06-01-2024 06:15:35] [Debug] PlacedGeneratorsManager: Waiting for chunk load ChunkInfo: world_the_end, -7, 3 took more than 500ms! (590ms) Is the server overloaded?
[06-01-2024 06:15:35] [Debug] PlacedGeneratorsManager: Waiting for chunk load ChunkInfo: world_the_end, 7, -4 took more than 500ms! (590ms) Is the server overloaded?
[06-01-2024 06:15:35] [Debug] PlacedGeneratorsManager: Waiting for chunk load ChunkInfo: world_the_end, 2, 7 took more than 500ms! (590ms) Is the server overloaded?
[06-01-2024 06:15:35] [Debug] PlacedGeneratorsManager: Waiting for chunk load ChunkInfo: world_the_end, -2, -8 took more than 500ms! (591ms) Is the server overloaded?
[06-01-2024 06:15:35] [Debug] PlacedGeneratorsManager: Waiting for chunk load ChunkInfo: world_the_end, -7, -8 took more than 500ms! (591ms) Is the server overloaded?
[06-01-2024 06:15:35] [Debug] PlacedGeneratorsManager: Waiting for chunk load ChunkInfo: world_the_end, 7, 7 took more than 500ms! (591ms) Is the server overloaded?
[06-01-2024 06:15:35] [Debug] PlacedGeneratorsManager: Waiting for chunk load ChunkInfo: world_the_end, 7, -7 took more than 500ms! (592ms) Is the server overloaded?
[06-01-2024 06:15:35] [Debug] PlacedGeneratorsManager: Waiting for chunk load ChunkInfo: world_the_end, -7, 6 took more than 500ms! (592ms) Is the server overloaded?
[06-01-2024 06:15:35] [Debug] PlacedGeneratorsManager: Waiting for chunk load ChunkInfo: world_the_end, -3, 3 took more than 500ms! (592ms) Is the server overloaded?
[06-01-2024 06:15:35] [Debug] PlacedGeneratorsManager: Waiting for chunk load ChunkInfo: world_the_end, 3, -4 took more than 500ms! (593ms) Is the server overloaded?
[06-01-2024 06:15:35] [Debug] PlacedGeneratorsManager: Waiting for chunk load ChunkInfo: world_the_end, 5, 0 took more than 500ms! (593ms) Is the server overloaded?
[06-01-2024 06:15:35] [Debug] PlacedGeneratorsManager: Waiting for chunk load ChunkInfo: world_the_end, -5, -1 took more than 500ms! (593ms) Is the server overloaded?
[06-01-2024 06:15:35] [Debug] PlacedGeneratorsManager: Waiting for chunk load ChunkInfo: world_the_end, 7, 8 took more than 500ms! (593ms) Is the server overloaded?
[06-01-2024 06:15:35] [Debug] PlacedGeneratorsManager: Waiting for chunk load ChunkInfo: world_the_end, 8, 0 took more than 500ms! (594ms) Is the server overloaded?
[06-01-2024 06:15:35] [Debug] PlacedGeneratorsManager: Waiting for chunk load ChunkInfo: world_the_end, -8, -1 took more than 500ms! (594ms) Is the server overloaded?
[06-01-2024 06:15:35] [Debug] PlacedGeneratorsManager: Waiting for chunk load ChunkInfo: world_the_end, 1, -3 took more than 500ms! (594ms) Is the server overloaded?
[06-01-2024 06:15:35] [Debug] PlacedGeneratorsManager: Waiting for chunk load ChunkInfo: world_the_end, -1, 2 took more than 500ms! (595ms) Is the server overloaded?
[06-01-2024 06:15:35] [Debug] PlacedGeneratorsManager: Waiting for chunk load ChunkInfo: world_the_end, 2, 6 took more than 500ms! (595ms) Is the server overloaded?
[06-01-2024 06:15:35] [Debug] PlacedGeneratorsManager: Waiting for chunk load ChunkInfo: world_the_end, -2, -7 took more than 500ms! (595ms) Is the server overloaded?
[06-01-2024 06:15:35] [Debug] PlacedGeneratorsManager: Waiting for chunk load ChunkInfo: world_the_end, -5, 2 took more than 500ms! (596ms) Is the server overloaded?
[06-01-2024 06:15:35] [Debug] PlacedGeneratorsManager: Waiting for chunk load ChunkInfo: world_the_end, 5, -3 took more than 500ms! (596ms) Is the server overloaded?
[06-01-2024 06:15:35] [Debug] PlacedGeneratorsManager: Waiting for chunk load ChunkInfo: world_the_end, -3, 7 took more than 500ms! (596ms) Is the server overloaded?
[06-01-2024 06:15:35] [Debug] PlacedGeneratorsManager: Waiting for chunk load ChunkInfo: world_the_end, 3, -8 took more than 500ms! (597ms) Is the server overloaded?
[06-01-2024 06:15:35] [Debug] PlacedGeneratorsManager: Waiting for chunk load ChunkInfo: world_the_end, -4, -3 took more than 500ms! (597ms) Is the server overloaded?
[06-01-2024 06:15:35] [Debug] PlacedGeneratorsManager: Waiting for chunk load ChunkInfo: world_the_end, 4, 2 took more than 500ms! (597ms) Is the server overloaded?
[06-01-2024 06:15:35] [Debug] PlacedGeneratorsManager: Waiting for chunk load ChunkInfo: world_the_end, 1, 0 took more than 500ms! (597ms) Is the server overloaded?
[06-01-2024 06:15:35] [Debug] PlacedGeneratorsManager: Waiting for chunk load ChunkInfo: world_the_end, -1, -1 took more than 500ms! (598ms) Is the server overloaded?
[06-01-2024 06:15:35] [Debug] PlacedGeneratorsManager: Waiting for chunk load ChunkInfo: world_the_end, -6, -6 took more than 500ms! (598ms) Is the server overloaded?
[06-01-2024 06:15:35] [Debug] PlacedGeneratorsManager: Waiting for chunk load ChunkInfo: world_the_end, 6, 5 took more than 500ms! (599ms) Is the server overloaded?
[06-01-2024 06:15:35] [Debug] PlacedGeneratorsManager: Waiting for chunk load ChunkInfo: world_the_end, 2, 8 took more than 500ms! (599ms) Is the server overloaded?
[06-01-2024 06:15:35] [Debug] PlacedGeneratorsManager: Waiting for chunk load ChunkInfo: world_the_end, 7, -6 took more than 500ms! (600ms) Is the server overloaded?
[06-01-2024 06:15:35] [Debug] PlacedGeneratorsManager: Waiting for chunk load ChunkInfo: world_the_end, -7, 5 took more than 500ms! (604ms) Is the server overloaded?
[06-01-2024 06:15:35] [Debug] PlacedGeneratorsManager: Waiting for chunk load ChunkInfo: world_the_end, -3, 0 took more than 500ms! (604ms) Is the server overloaded?
[06-01-2024 06:15:35] [Debug] PlacedGeneratorsManager: Waiting for chunk load ChunkInfo: world_the_end, 3, -1 took more than 500ms! (604ms) Is the server overloaded?
[06-01-2024 06:15:35] [Debug] PlacedGeneratorsManager: Waiting for chunk load ChunkInfo: world_the_end, 5, -1 took more than 500ms! (605ms) Is the server overloaded?
[06-01-2024 06:15:35] [Debug] PlacedGeneratorsManager: Waiting for chunk load ChunkInfo: world_the_end, -5, 0 took more than 500ms! (605ms) Is the server overloaded?
[06-01-2024 06:15:35] [Debug] PlacedGeneratorsManager: Waiting for chunk load ChunkInfo: world_the_end, 8, 1 took more than 500ms! (605ms) Is the server overloaded?
[06-01-2024 06:15:35] [Debug] PlacedGeneratorsManager: Waiting for chunk load ChunkInfo: world_the_end, -8, -2 took more than 500ms! (606ms) Is the server overloaded?
[06-01-2024 06:15:35] [Debug] PlacedGeneratorsManager: Waiting for chunk load ChunkInfo: world_the_end, 2, 5 took more than 500ms! (606ms) Is the server overloaded?
[06-01-2024 06:15:35] [Debug] PlacedGeneratorsManager: Waiting for chunk load ChunkInfo: world_the_end, -2, -6 took more than 500ms! (607ms) Is the server overloaded?
[06-01-2024 06:15:35] [Debug] PlacedGeneratorsManager: Waiting for chunk load ChunkInfo: world_the_end, 3, -2 took more than 500ms! (607ms) Is the server overloaded?
[06-01-2024 06:15:35] [Debug] PlacedGeneratorsManager: Waiting for chunk load ChunkInfo: world_the_end, -3, 1 took more than 500ms! (607ms) Is the server overloaded?
[06-01-2024 06:15:35] [Debug] PlacedGeneratorsManager: Waiting for chunk load ChunkInfo: world_the_end, -5, 1 took more than 500ms! (608ms) Is the server overloaded?
[06-01-2024 06:15:35] [Debug] PlacedGeneratorsManager: Waiting for chunk load ChunkInfo: world_the_end, 5, -2 took more than 500ms! (608ms) Is the server overloaded?
[06-01-2024 06:15:35] [Debug] PlacedGeneratorsManager: Waiting for chunk load ChunkInfo: world_the_end, 4, 3 took more than 500ms! (608ms) Is the server overloaded?
[06-01-2024 06:15:35] [Debug] PlacedGeneratorsManager: Waiting for chunk load ChunkInfo: world_the_end, -4, -4 took more than 500ms! (609ms) Is the server overloaded?
[06-01-2024 06:15:35] [Debug] PlacedGeneratorsManager: Waiting for chunk load ChunkInfo: world_the_end, -6, -7 took more than 500ms! (609ms) Is the server overloaded?
[06-01-2024 06:15:35] [Debug] PlacedGeneratorsManager: Waiting for chunk load ChunkInfo: world_the_end, 6, 6 took more than 500ms! (609ms) Is the server overloaded?
[06-01-2024 06:15:35] [Debug] PlacedGeneratorsManager: Waiting for chunk load ChunkInfo: world_the_end, 1, -1 took more than 500ms! (610ms) Is the server overloaded?
[06-01-2024 06:15:35] [Debug] PlacedGeneratorsManager: Waiting for chunk load ChunkInfo: world_the_end, -1, 0 took more than 500ms! (610ms) Is the server overloaded?
[06-01-2024 06:15:35] [Debug] PlacedGeneratorsManager: Waiting for chunk load ChunkInfo: world_the_end, 0, -7 took more than 500ms! (610ms) Is the server overloaded?
[06-01-2024 06:15:35] [Debug] PlacedGeneratorsManager: Waiting for chunk load ChunkInfo: world_the_end, 0, 7 took more than 500ms! (611ms) Is the server overloaded?
[06-01-2024 06:15:35] [Debug] PlacedGeneratorsManager: Waiting for chunk load ChunkInfo: world_the_end, -3, 6 took more than 500ms! (611ms) Is the server overloaded?
[06-01-2024 06:15:35] [Debug] PlacedGeneratorsManager: Waiting for chunk load ChunkInfo: world_the_end, 3, -7 took more than 500ms! (612ms) Is the server overloaded?
[06-01-2024 06:15:35] [Debug] PlacedGeneratorsManager: Waiting for chunk load ChunkInfo: world_the_end, 4, -1 took more than 500ms! (612ms) Is the server overloaded?
[06-01-2024 06:15:35] [Debug] PlacedGeneratorsManager: Waiting for chunk load ChunkInfo: world_the_end, -4, 0 took more than 500ms! (613ms) Is the server overloaded?
[06-01-2024 06:15:35] [Debug] PlacedGeneratorsManager: Waiting for chunk load ChunkInfo: world_the_end, 5, 2 took more than 500ms! (613ms) Is the server overloaded?
[06-01-2024 06:15:35] [Debug] PlacedGeneratorsManager: Waiting for chunk load ChunkInfo: world_the_end, -5, -3 took more than 500ms! (614ms) Is the server overloaded?
[06-01-2024 06:15:35] [Debug] PlacedGeneratorsManager: Waiting for chunk load ChunkInfo: world_the_end, -6, -8 took more than 500ms! (614ms) Is the server overloaded?
[06-01-2024 06:15:35] [Debug] PlacedGeneratorsManager: Waiting for chunk load ChunkInfo: world_the_end, 6, 7 took more than 500ms! (614ms) Is the server overloaded?
[06-01-2024 06:15:35] [Debug] PlacedGeneratorsManager: Waiting for chunk load ChunkInfo: world_the_end, 7, 1 took more than 500ms! (615ms) Is the server overloaded?
[06-01-2024 06:15:35] [Debug] PlacedGeneratorsManager: Waiting for chunk load ChunkInfo: world_the_end, 1, -2 took more than 500ms! (615ms) Is the server overloaded?
[06-01-2024 06:15:35] [Debug] PlacedGeneratorsManager: Waiting for chunk load ChunkInfo: world_the_end, -1, 1 took more than 500ms! (615ms) Is the server overloaded?
[06-01-2024 06:15:35] [Debug] PlacedGeneratorsManager: Waiting for chunk load ChunkInfo: world_the_end, -7, -2 took more than 500ms! (615ms) Is the server overloaded?
[06-01-2024 06:15:35] [Debug] PlacedGeneratorsManager: Waiting for chunk load ChunkInfo: world_the_end, -2, -5 took more than 500ms! (616ms) Is the server overloaded?
[06-01-2024 06:15:35] [Debug] PlacedGeneratorsManager: Waiting for chunk load ChunkInfo: world_the_end, 2, 4 took more than 500ms! (616ms) Is the server overloaded?
[06-01-2024 06:15:35] [Debug] PlacedGeneratorsManager: Waiting for chunk load ChunkInfo: world_the_end, -7, 0 took more than 500ms! (616ms) Is the server overloaded?
[06-01-2024 06:15:35] [Debug] PlacedGeneratorsManager: Waiting for chunk load ChunkInfo: world_the_end, 7, -1 took more than 500ms! (617ms) Is the server overloaded?
[06-01-2024 06:15:35] [Debug] PlacedGeneratorsManager: Waiting for chunk load ChunkInfo: world_the_end, 6, -7 took more than 500ms! (617ms) Is the server overloaded?
[06-01-2024 06:15:35] [Debug] PlacedGeneratorsManager: Waiting for chunk load ChunkInfo: world_the_end, -6, 6 took more than 500ms! (617ms) Is the server overloaded?
[06-01-2024 06:15:35] [Debug] PlacedGeneratorsManager: Waiting for chunk load ChunkInfo: world_the_end, 6, -6 took more than 500ms! (617ms) Is the server overloaded?
[06-01-2024 06:15:35] [Debug] PlacedGeneratorsManager: Waiting for chunk load ChunkInfo: world_the_end, -6, 5 took more than 500ms! (618ms) Is the server overloaded?
[06-01-2024 06:15:35] [Debug] PlacedGeneratorsManager: Waiting for chunk load ChunkInfo: world_the_end, -2, -4 took more than 500ms! (618ms) Is the server overloaded?
[06-01-2024 06:15:35] [Debug] PlacedGeneratorsManager: Waiting for chunk load ChunkInfo: world_the_end, 2, 3 took more than 500ms! (618ms) Is the server overloaded?
[06-01-2024 06:15:35] [Debug] PlacedGeneratorsManager: Waiting for chunk load ChunkInfo: world_the_end, 0, 8 took more than 500ms! (619ms) Is the server overloaded?
[06-01-2024 06:15:35] [Debug] PlacedGeneratorsManager: Waiting for chunk load ChunkInfo: world_the_end, -5, -2 took more than 500ms! (619ms) Is the server overloaded?
[06-01-2024 06:15:35] [Debug] PlacedGeneratorsManager: Waiting for chunk load ChunkInfo: world_the_end, 5, 1 took more than 500ms! (620ms) Is the server overloaded?
[06-01-2024 06:15:35] [Debug] PlacedGeneratorsManager: Waiting for chunk load ChunkInfo: world_the_end, 0, -8 took more than 500ms! (620ms) Is the server overloaded?
[06-01-2024 06:15:35] [Debug] PlacedGeneratorsManager: Waiting for chunk load ChunkInfo: world_the_end, 4, -2 took more than 500ms! (620ms) Is the server overloaded?
[06-01-2024 06:15:35] [Debug] PlacedGeneratorsManager: Waiting for chunk load ChunkInfo: world_the_end, -4, 1 took more than 500ms! (620ms) Is the server overloaded?
[06-01-2024 06:15:35] [Debug] PlacedGeneratorsManager: Waiting for chunk load ChunkInfo: world_the_end, 8, 8 took more than 500ms! (621ms) Is the server overloaded?
[06-01-2024 06:15:35] [Debug] PlacedGeneratorsManager: Waiting for chunk load ChunkInfo: world_the_end, -7, -1 took more than 500ms! (621ms) Is the server overloaded?
[06-01-2024 06:15:35] [Debug] PlacedGeneratorsManager: Waiting for chunk load ChunkInfo: world_the_end, 7, 0 took more than 500ms! (621ms) Is the server overloaded?
[06-01-2024 06:15:35] [Debug] PlacedGeneratorsManager: Waiting for chunk load ChunkInfo: world_the_end, 4, 1 took more than 500ms! (621ms) Is the server overloaded?
[06-01-2024 06:15:35] [Debug] PlacedGeneratorsManager: Waiting for chunk load ChunkInfo: world_the_end, -4, -2 took more than 500ms! (622ms) Is the server overloaded?
[06-01-2024 06:15:35] [Debug] PlacedGeneratorsManager: Waiting for chunk load ChunkInfo: world_the_end, 3, -5 took more than 500ms! (622ms) Is the server overloaded?
[06-01-2024 06:15:35] [Debug] PlacedGeneratorsManager: Waiting for chunk load ChunkInfo: world_the_end, -3, 4 took more than 500ms! (622ms) Is the server overloaded?
[06-01-2024 06:15:35] [Debug] PlacedGeneratorsManager: Waiting for chunk load ChunkInfo: world_the_end, 2, -8 took more than 500ms! (623ms) Is the server overloaded?
[06-01-2024 06:15:35] [Debug] PlacedGeneratorsManager: Waiting for chunk load ChunkInfo: world_the_end, -2, 7 took more than 500ms! (623ms) Is the server overloaded?
[06-01-2024 06:15:35] [Debug] PlacedGeneratorsManager: Waiting for chunk load ChunkInfo: world_the_end, -2, -3 took more than 500ms! (623ms) Is the server overloaded?
[06-01-2024 06:15:35] [Debug] PlacedGeneratorsManager: Waiting for chunk load ChunkInfo: world_the_end, 2, 2 took more than 500ms! (623ms) Is the server overloaded?
[06-01-2024 06:15:35] [Debug] PlacedGeneratorsManager: Waiting for chunk load ChunkInfo: world_the_end, -6, 8 took more than 500ms! (624ms) Is the server overloaded?
[06-01-2024 06:15:35] [Debug] PlacedGeneratorsManager: Waiting for chunk load ChunkInfo: world_the_end, 7, -3 took more than 500ms! (624ms) Is the server overloaded?
[06-01-2024 06:15:35] [Debug] PlacedGeneratorsManager: Waiting for chunk load ChunkInfo: world_the_end, -7, 2 took more than 500ms! (624ms) Is the server overloaded?
[06-01-2024 06:15:35] [Debug] PlacedGeneratorsManager: Waiting for chunk load ChunkInfo: world_the_end, 5, 4 took more than 500ms! (624ms) Is the server overloaded?
[06-01-2024 06:15:35] [Debug] PlacedGeneratorsManager: Waiting for chunk load ChunkInfo: world_the_end, -5, -5 took more than 500ms! (625ms) Is the server overloaded?
[06-01-2024 06:15:35] [Debug] PlacedGeneratorsManager: Waiting for chunk load ChunkInfo: world_the_end, -8, 8 took more than 500ms! (625ms) Is the server overloaded?
[06-01-2024 06:15:35] [Debug] PlacedGeneratorsManager: Waiting for chunk load ChunkInfo: world_the_end, 0, -6 took more than 500ms! (625ms) Is the server overloaded?
[06-01-2024 06:15:35] [Debug] PlacedGeneratorsManager: Waiting for chunk load ChunkInfo: world_the_end, 0, 6 took more than 500ms! (625ms) Is the server overloaded?
[06-01-2024 06:15:35] [Debug] PlacedGeneratorsManager: Waiting for chunk load ChunkInfo: world_the_end, 3, -6 took more than 500ms! (626ms) Is the server overloaded?
[06-01-2024 06:15:35] [Debug] PlacedGeneratorsManager: Waiting for chunk load ChunkInfo: world_the_end, -3, 5 took more than 500ms! (626ms) Is the server overloaded?
[06-01-2024 06:15:35] [Debug] PlacedGeneratorsManager: Waiting for chunk load ChunkInfo: world_the_end, 4, 0 took more than 500ms! (626ms) Is the server overloaded?
[06-01-2024 06:15:35] [Debug] PlacedGeneratorsManager: Waiting for chunk load ChunkInfo: world_the_end, -4, -1 took more than 500ms! (627ms) Is the server overloaded?
[06-01-2024 06:15:35] [Debug] PlacedGeneratorsManager: Waiting for chunk load ChunkInfo: world_the_end, -2, 8 took more than 500ms! (627ms) Is the server overloaded?
[06-01-2024 06:15:35] [Debug] PlacedGeneratorsManager: Waiting for chunk load ChunkInfo: world_the_end, -2, -2 took more than 500ms! (627ms) Is the server overloaded?
[06-01-2024 06:15:35] [Debug] PlacedGeneratorsManager: Waiting for chunk load ChunkInfo: world_the_end, 2, 1 took more than 500ms! (628ms) Is the server overloaded?
[06-01-2024 06:15:35] [Debug] PlacedGeneratorsManager: Waiting for chunk load ChunkInfo: world_the_end, 3, 8 took more than 500ms! (628ms) Is the server overloaded?
[06-01-2024 06:15:35] [Debug] PlacedGeneratorsManager: Waiting for chunk load ChunkInfo: world_the_end, 7, -2 took more than 500ms! (628ms) Is the server overloaded?
[06-01-2024 06:15:35] [Debug] PlacedGeneratorsManager: Waiting for chunk load ChunkInfo: world_the_end, -7, 1 took more than 500ms! (628ms) Is the server overloaded?
[06-01-2024 06:15:35] [Debug] PlacedGeneratorsManager: Waiting for chunk load ChunkInfo: world_the_end, -6, 7 took more than 500ms! (629ms) Is the server overloaded?
[06-01-2024 06:15:35] [Debug] PlacedGeneratorsManager: Waiting for chunk load ChunkInfo: world_the_end, 6, -8 took more than 500ms! (629ms) Is the server overloaded?
[06-01-2024 06:15:35] [Debug] PlacedGeneratorsManager: Waiting for chunk load ChunkInfo: world_the_end, 5, 3 took more than 500ms! (629ms) Is the server overloaded?
[06-01-2024 06:15:35] [Debug] PlacedGeneratorsManager: Waiting for chunk load ChunkInfo: world_the_end, -5, -4 took more than 500ms! (629ms) Is the server overloaded?
[06-01-2024 06:15:35] [Debug] PlacedGeneratorsManager: Waiting for chunk load ChunkInfo: world_the_end, 0, 5 took more than 500ms! (630ms) Is the server overloaded?
[06-01-2024 06:15:35] [Debug] PlacedGeneratorsManager: Waiting for chunk load ChunkInfo: world_the_end, 0, -5 took more than 500ms! (630ms) Is the server overloaded?
[06-01-2024 06:15:35] [Debug] PlacedGeneratorsManager: Waiting for chunk load ChunkInfo: world_the_end, 7, 5 took more than 500ms! (630ms) Is the server overloaded?
[06-01-2024 06:15:35] [Debug] PlacedGeneratorsManager: Waiting for chunk load ChunkInfo: world_the_end, -7, -6 took more than 500ms! (631ms) Is the server overloaded?
[06-01-2024 06:15:35] [Debug] PlacedGeneratorsManager: Waiting for chunk load ChunkInfo: world_the_end, 8, 5 took more than 500ms! (631ms) Is the server overloaded?
[06-01-2024 06:15:35] [Debug] PlacedGeneratorsManager: Waiting for chunk load ChunkInfo: world_the_end, -8, -6 took more than 500ms! (631ms) Is the server overloaded?
[06-01-2024 06:15:35] [Debug] PlacedGeneratorsManager: Waiting for chunk load ChunkInfo: world_the_end, 8, -5 took more than 500ms! (631ms) Is the server overloaded?
[06-01-2024 06:15:35] [Debug] PlacedGeneratorsManager: Waiting for chunk load ChunkInfo: world_the_end, -8, 4 took more than 500ms! (632ms) Is the server overloaded?
[06-01-2024 06:15:35] [Debug] PlacedGeneratorsManager: Waiting for chunk load ChunkInfo: world_the_end, -5, -6 took more than 500ms! (632ms) Is the server overloaded?
[06-01-2024 06:15:35] [Debug] PlacedGeneratorsManager: Waiting for chunk load ChunkInfo: world_the_end, 5, 5 took more than 500ms! (632ms) Is the server overloaded?
[06-01-2024 06:15:35] [Debug] PlacedGeneratorsManager: Waiting for chunk load ChunkInfo: world_the_end, -5, 8 took more than 500ms! (633ms) Is the server overloaded?
[06-01-2024 06:15:35] [Debug] PlacedGeneratorsManager: Waiting for chunk load ChunkInfo: world_the_end, 4, -6 took more than 500ms! (633ms) Is the server overloaded?
[06-01-2024 06:15:35] [Debug] PlacedGeneratorsManager: Waiting for chunk load ChunkInfo: world_the_end, -4, 5 took more than 500ms! (633ms) Is the server overloaded?
[06-01-2024 06:15:35] [Debug] PlacedGeneratorsManager: Waiting for chunk load ChunkInfo: world_the_end, -3, -8 took more than 500ms! (633ms) Is the server overloaded?
[06-01-2024 06:15:35] [Debug] PlacedGeneratorsManager: Waiting for chunk load ChunkInfo: world_the_end, 3, 7 took more than 500ms! (634ms) Is the server overloaded?
[06-01-2024 06:15:35] [Debug] PlacedGeneratorsManager: Waiting for chunk load ChunkInfo: world_the_end, 0, 4 took more than 500ms! (634ms) Is the server overloaded?
[06-01-2024 06:15:35] [Debug] PlacedGeneratorsManager: Waiting for chunk load ChunkInfo: world_the_end, 0, -4 took more than 500ms! (634ms) Is the server overloaded?
[06-01-2024 06:15:35] [Debug] PlacedGeneratorsManager: Waiting for chunk load ChunkInfo: world_the_end, 2, -6 took more than 500ms! (635ms) Is the server overloaded?
[06-01-2024 06:15:35] [Debug] PlacedGeneratorsManager: Waiting for chunk load ChunkInfo: world_the_end, -2, 5 took more than 500ms! (635ms) Is the server overloaded?
[06-01-2024 06:15:35] [Debug] PlacedGeneratorsManager: Waiting for chunk load ChunkInfo: world_the_end, 2, -1 took more than 500ms! (635ms) Is the server overloaded?
[06-01-2024 06:15:35] [Debug] PlacedGeneratorsManager: Waiting for chunk load ChunkInfo: world_the_end, -2, 0 took more than 500ms! (636ms) Is the server overloaded?
[06-01-2024 06:15:35] [Debug] PlacedGeneratorsManager: Waiting for chunk load ChunkInfo: world_the_end, -5, -7 took more than 500ms! (636ms) Is the server overloaded?
[06-01-2024 06:15:35] [Debug] PlacedGeneratorsManager: Waiting for chunk load ChunkInfo: world_the_end, 5, 6 took more than 500ms! (636ms) Is the server overloaded?
[06-01-2024 06:15:35] [Debug] PlacedGeneratorsManager: Waiting for chunk load ChunkInfo: world_the_end, -4, 4 took more than 500ms! (636ms) Is the server overloaded?
[06-01-2024 06:15:35] [Debug] PlacedGeneratorsManager: Waiting for chunk load ChunkInfo: world_the_end, 4, -5 took more than 500ms! (637ms) Is the server overloaded?
[06-01-2024 06:15:35] [Debug] PlacedGeneratorsManager: Waiting for chunk load ChunkInfo: world_the_end, -7, -5 took more than 500ms! (637ms) Is the server overloaded?
[06-01-2024 06:15:35] [Debug] PlacedGeneratorsManager: Waiting for chunk load ChunkInfo: world_the_end, 7, 4 took more than 500ms! (637ms) Is the server overloaded?
[06-01-2024 06:15:35] [Debug] PlacedGeneratorsManager: Waiting for chunk load ChunkInfo: world_the_end, 8, -6 took more than 500ms! (638ms) Is the server overloaded?
[06-01-2024 06:15:35] [Debug] PlacedGeneratorsManager: Waiting for chunk load ChunkInfo: world_the_end, -8, 5 took more than 500ms! (638ms) Is the server overloaded?
[06-01-2024 06:15:35] [Debug] PlacedGeneratorsManager: Waiting for chunk load ChunkInfo: world_the_end, 3, 6 took more than 500ms! (638ms) Is the server overloaded?
[06-01-2024 06:15:35] [Debug] PlacedGeneratorsManager: Waiting for chunk load ChunkInfo: world_the_end, -3, -7 took more than 500ms! (638ms) Is the server overloaded?
[06-01-2024 06:15:35] [Debug] PlacedGeneratorsManager: Waiting for chunk load ChunkInfo: world_the_end, -8, -5 took more than 500ms! (639ms) Is the server overloaded?
[06-01-2024 06:15:35] [Debug] PlacedGeneratorsManager: Waiting for chunk load ChunkInfo: world_the_end, 8, 4 took more than 500ms! (639ms) Is the server overloaded?
[06-01-2024 06:15:35] [Debug] PlacedGeneratorsManager: Waiting for chunk load ChunkInfo: world_the_end, 0, -3 took more than 500ms! (639ms) Is the server overloaded?
[06-01-2024 06:15:35] [Debug] PlacedGeneratorsManager: Waiting for chunk load ChunkInfo: world_the_end, 0, 3 took more than 500ms! (640ms) Is the server overloaded?
[06-01-2024 06:15:35] [Debug] PlacedGeneratorsManager: Waiting for chunk load ChunkInfo: world_the_end, 2, 0 took more than 500ms! (640ms) Is the server overloaded?
[06-01-2024 06:15:35] [Debug] PlacedGeneratorsManager: Waiting for chunk load ChunkInfo: world_the_end, -2, -1 took more than 500ms! (640ms) Is the server overloaded?
[06-01-2024 06:15:35] [Debug] PlacedGeneratorsManager: Waiting for chunk load ChunkInfo: world_the_end, -2, 6 took more than 500ms! (640ms) Is the server overloaded?
[06-01-2024 06:15:35] [Debug] PlacedGeneratorsManager: Waiting for chunk load ChunkInfo: world_the_end, 2, -7 took more than 500ms! (641ms) Is the server overloaded?
[06-01-2024 06:15:35] [Debug] PlacedGeneratorsManager: Waiting for chunk load ChunkInfo: world_the_end, 3, 5 took more than 500ms! (641ms) Is the server overloaded?
[06-01-2024 06:15:35] [Debug] PlacedGeneratorsManager: Waiting for chunk load ChunkInfo: world_the_end, -3, -6 took more than 500ms! (641ms) Is the server overloaded?
[06-01-2024 06:15:35] [Debug] PlacedGeneratorsManager: Waiting for chunk load ChunkInfo: world_the_end, 6, 8 took more than 500ms! (642ms) Is the server overloaded?
[06-01-2024 06:15:35] [Debug] PlacedGeneratorsManager: Waiting for chunk load ChunkInfo: world_the_end, -6, 1 took more than 500ms! (642ms) Is the server overloaded?
[06-01-2024 06:15:35] [Debug] PlacedGeneratorsManager: Waiting for chunk load ChunkInfo: world_the_end, 6, -2 took more than 500ms! (642ms) Is the server overloaded?
[06-01-2024 06:15:35] [Debug] PlacedGeneratorsManager: Waiting for chunk load ChunkInfo: world_the_end, 5, 7 took more than 500ms! (643ms) Is the server overloaded?
[06-01-2024 06:15:35] [Debug] PlacedGeneratorsManager: Waiting for chunk load ChunkInfo: world_the_end, -5, -8 took more than 500ms! (643ms) Is the server overloaded?
[06-01-2024 06:15:35] [Debug] PlacedGeneratorsManager: Waiting for chunk load ChunkInfo: world_the_end, 2, -3 took more than 500ms! (643ms) Is the server overloaded?
[06-01-2024 06:15:35] [Debug] PlacedGeneratorsManager: Waiting for chunk load ChunkInfo: world_the_end, -2, 2 took more than 500ms! (643ms) Is the server overloaded?
[06-01-2024 06:15:35] [Debug] PlacedGeneratorsManager: Waiting for chunk load ChunkInfo: world_the_end, 6, -5 took more than 500ms! (644ms) Is the server overloaded?
[06-01-2024 06:15:35] [Debug] PlacedGeneratorsManager: Waiting for chunk load ChunkInfo: world_the_end, -6, 4 took more than 500ms! (644ms) Is the server overloaded?
[06-01-2024 06:15:35] [Debug] PlacedGeneratorsManager: Waiting for chunk load ChunkInfo: world_the_end, 0, 2 took more than 500ms! (644ms) Is the server overloaded?
[06-01-2024 06:15:35] [Debug] PlacedGeneratorsManager: Waiting for chunk load ChunkInfo: world_the_end, 0, -2 took more than 500ms! (645ms) Is the server overloaded?
[06-01-2024 06:15:35] [Debug] PlacedGeneratorsManager: Waiting for chunk load ChunkInfo: world_the_end, -7, -4 took more than 500ms! (645ms) Is the server overloaded?
[06-01-2024 06:15:35] [Debug] PlacedGeneratorsManager: Waiting for chunk load ChunkInfo: world_the_end, 7, 3 took more than 500ms! (645ms) Is the server overloaded?
[06-01-2024 06:15:35] [Debug] PlacedGeneratorsManager: Waiting for chunk load ChunkInfo: world_the_end, -8, 6 took more than 500ms! (645ms) Is the server overloaded?
[06-01-2024 06:15:35] [Debug] PlacedGeneratorsManager: Waiting for chunk load ChunkInfo: world_the_end, 8, -7 took more than 500ms! (646ms) Is the server overloaded?
[06-01-2024 06:15:35] [Debug] PlacedGeneratorsManager: Waiting for chunk load ChunkInfo: world_the_end, 4, -3 took more than 500ms! (646ms) Is the server overloaded?
[06-01-2024 06:15:35] [Debug] PlacedGeneratorsManager: Waiting for chunk load ChunkInfo: world_the_end, -4, 2 took more than 500ms! (646ms) Is the server overloaded?
[06-01-2024 06:15:35] [Debug] PlacedGeneratorsManager: Waiting for chunk load ChunkInfo: world_the_end, -8, -8 took more than 500ms! (646ms) Is the server overloaded?
[06-01-2024 06:15:35] [Debug] PlacedGeneratorsManager: Waiting for chunk load ChunkInfo: world_the_end, 8, 7 took more than 500ms! (647ms) Is the server overloaded?
[06-01-2024 06:15:35] [Debug] PlacedGeneratorsManager: Waiting for chunk load ChunkInfo: world_the_end, 1, 7 took more than 500ms! (647ms) Is the server overloaded?
[06-01-2024 06:15:35] [Debug] PlacedGeneratorsManager: Waiting for chunk load ChunkInfo: world_the_end, -1, -8 took more than 500ms! (647ms) Is the server overloaded?
[06-01-2024 06:15:35] [Debug] PlacedGeneratorsManager: Waiting for chunk load ChunkInfo: world_the_end, -3, -5 took more than 500ms! (648ms) Is the server overloaded?
[06-01-2024 06:15:35] [Debug] PlacedGeneratorsManager: Waiting for chunk load ChunkInfo: world_the_end, 3, 4 took more than 500ms! (648ms) Is the server overloaded?
[06-01-2024 06:15:35] [Debug] PlacedGeneratorsManager: Waiting for chunk load ChunkInfo: world_the_end, 0, 1 took more than 500ms! (648ms) Is the server overloaded?
[06-01-2024 06:15:35] [Debug] PlacedGeneratorsManager: Waiting for chunk load ChunkInfo: world_the_end, 0, -1 took more than 500ms! (648ms) Is the server overloaded?
[06-01-2024 06:15:35] [Debug] PlacedGeneratorsManager: Waiting for chunk load ChunkInfo: world_the_end, -6, 2 took more than 500ms! (649ms) Is the server overloaded?
[06-01-2024 06:15:35] [Debug] PlacedGeneratorsManager: Waiting for chunk load ChunkInfo: world_the_end, 6, -3 took more than 500ms! (649ms) Is the server overloaded?
[06-01-2024 06:15:35] [Debug] PlacedGeneratorsManager: Waiting for chunk load ChunkInfo: world_the_end, 6, -4 took more than 500ms! (649ms) Is the server overloaded?
[06-01-2024 06:15:35] [Debug] PlacedGeneratorsManager: Waiting for chunk load ChunkInfo: world_the_end, -6, 3 took more than 500ms! (649ms) Is the server overloaded?
[06-01-2024 06:15:35] [Debug] PlacedGeneratorsManager: Waiting for chunk load ChunkInfo: world_the_end, 8, 6 took more than 500ms! (650ms) Is the server overloaded?
[06-01-2024 06:15:35] [Debug] PlacedGeneratorsManager: Waiting for chunk load ChunkInfo: world_the_end, -8, -7 took more than 500ms! (650ms) Is the server overloaded?
[06-01-2024 06:15:35] [Debug] PlacedGeneratorsManager: Waiting for chunk load ChunkInfo: world_the_end, 7, 2 took more than 500ms! (650ms) Is the server overloaded?
[06-01-2024 06:15:35] [Debug] PlacedGeneratorsManager: Waiting for chunk load ChunkInfo: world_the_end, -7, -3 took more than 500ms! (650ms) Is the server overloaded?
[06-01-2024 06:15:35] [Debug] PlacedGeneratorsManager: Waiting for chunk load ChunkInfo: world_the_end, 1, 8 took more than 500ms! (651ms) Is the server overloaded?
[06-01-2024 06:15:35] [Debug] PlacedGeneratorsManager: Waiting for chunk load ChunkInfo: world_the_end, 8, -8 took more than 500ms! (651ms) Is the server overloaded?
[06-01-2024 06:15:35] [Debug] PlacedGeneratorsManager: Waiting for chunk load ChunkInfo: world_the_end, -8, 7 took more than 500ms! (651ms) Is the server overloaded?
[06-01-2024 06:15:35] [Debug] PlacedGeneratorsManager: Waiting for chunk load ChunkInfo: world_the_end, 4, -4 took more than 500ms! (651ms) Is the server overloaded?
[06-01-2024 06:15:35] [Debug] PlacedGeneratorsManager: Waiting for chunk load ChunkInfo: world_the_end, -4, 3 took more than 500ms! (652ms) Is the server overloaded?
[06-01-2024 06:15:35] [Debug] PlacedGeneratorsManager: Waiting for chunk load ChunkInfo: world_the_end, 5, 8 took more than 500ms! (652ms) Is the server overloaded?
[06-01-2024 06:15:35] [Debug] PlacedGeneratorsManager: Waiting for chunk load ChunkInfo: world_the_end, 2, -2 took more than 500ms! (652ms) Is the server overloaded?
[06-01-2024 06:15:35] [Debug] PlacedGeneratorsManager: Waiting for chunk load ChunkInfo: world_the_end, -2, 1 took more than 500ms! (652ms) Is the server overloaded?
[06-01-2024 07:25:59] Disabling KGenerators
[06-01-2024 07:25:59] Safely closing menus.
[06-01-2024 07:25:59] Saving 0 running generators.
[06-01-2024 07:25:59] Safely shutting down database.
[06-01-2024 07:25:59] Database SQLITE: Connection closed
